[35m[HTTP][39m [37m-->[39m [37mPOST[39m [37m/session[39m
[35m[HTTP][39m [90m{"capabilities":{"alwaysMatch":{"automationName":"UiAutomator2","platformName":"Android","platformVersion":"12","deviceName":"emulator-5554","app":"D:\\Eduardo Automation\\TS\\mobile-test-webdriverio\\Mobile-ts-mobile-testing-project\\test./../app/Android-NativeDemoApp-0.4.0.apk","appPackage":"com.wdiodemoapp","appActivity":"com.wdiodemoapp.MainActivity","uiautomator2ServerLaunchTimeout":200000},"firstMatch":[{}]},"desiredCapabilities":{"automationName":"UiAutomator2","platformName":"Android","platformVersion":"12","deviceName":"emulator-5554","app":"D:\\Eduardo Automation\\TS\\mobile-test-webdriverio\\Mobile-ts-mobile-testing-project\\test./../app/Android-NativeDemoApp-0.4.0.apk","appPackage":"com.wdiodemoapp","appActivity":"com.wdiodemoapp.MainActivity","uiautomator2ServerLaunchTimeout":200000}}[39m
[debug] [35m[W3C][39m Calling AppiumDriver.createSession() with args: [{"automationName":"UiAutomator2","platformName":"Android","platformVersion":"12","deviceName":"emulator-5554","app":"D:\\Eduardo Automation\\TS\\mobile-test-webdriverio\\Mobile-ts-mobile-testing-project\\test./../app/Android-NativeDemoApp-0.4.0.apk","appPackage":"com.wdiodemoapp","appActivity":"com.wdiodemoapp.MainActivity","uiautomator2ServerLaunchTimeout":200000},null,{"alwaysMatch":{"automationName":"UiAutomator2","platformName":"Android","platformVersion":"12","deviceName":"emulator-5554","app":"D:\\Eduardo Automation\\TS\\mobile-test-webdriverio\\Mobile-ts-mobile-testing-project\\test./../app/Android-NativeDemoApp-0.4.0.apk","appPackage":"com.wdiodemoapp","appActivity":"com.wdiodemoapp.MainActivity","uiautomator2ServerLaunchTimeout":200000},"firstMatch":[{}]}]
[debug] [35m[BaseDriver][39m Event 'newSessionRequested' logged at 1693081145527 (15:19:05 GMT-0500 (hora estándar de Colombia))
[35m[BaseDriver][39m The following capabilities are not standard capabilities and should have an extension prefix:
[35m[BaseDriver][39m   automationName
[35m[BaseDriver][39m   platformVersion
[35m[BaseDriver][39m   deviceName
[35m[BaseDriver][39m   app
[35m[BaseDriver][39m   appPackage
[35m[BaseDriver][39m   appActivity
[35m[BaseDriver][39m   uiautomator2ServerLaunchTimeout
[35m[Appium][39m Appium v1.22.3 creating new AndroidUiautomator2Driver (v1.70.1) session
[debug] [35m[BaseDriver][39m W3C capabilities and MJSONWP desired capabilities were provided
[debug] [35m[BaseDriver][39m Creating session with W3C capabilities: {
[debug] [35m[BaseDriver][39m   "alwaysMatch": {
[debug] [35m[BaseDriver][39m     "appium:automationName": "UiAutomator2",
[debug] [35m[BaseDriver][39m     "platformName": "Android",
[debug] [35m[BaseDriver][39m     "appium:platformVersion": "12",
[debug] [35m[BaseDriver][39m     "appium:deviceName": "emulator-5554",
[debug] [35m[BaseDriver][39m     "appium:app": "D:\\Eduardo Automation\\TS\\mobile-test-webdriverio\\Mobile-ts-mobile-testing-project\\test./../app/Android-NativeDemoApp-0.4.0.apk",
[debug] [35m[BaseDriver][39m     "appium:appPackage": "com.wdiodemoapp",
[debug] [35m[BaseDriver][39m     "appium:appActivity": "com.wdiodemoapp.MainActivity",
[debug] [35m[BaseDriver][39m     "appium:uiautomator2ServerLaunchTimeout": 200000
[debug] [35m[BaseDriver][39m   },
[debug] [35m[BaseDriver][39m   "firstMatch": [
[debug] [35m[BaseDriver][39m     {}
[debug] [35m[BaseDriver][39m   ]
[debug] [35m[BaseDriver][39m }
[35m[BaseDriver][39m Session created with session id: e70d3be8-3f6a-4e60-b990-955064d212ea
[35m[BaseDriver][39m Using local app 'D:\Eduardo Automation\TS\mobile-test-webdriverio\Mobile-ts-mobile-testing-project\test./../app/Android-NativeDemoApp-0.4.0.apk'
[debug] [35m[UiAutomator2][39m Checking whether app is actually present
[35m[ADB][39m Found 2 'build-tools' folders under 'C:\Users\eduar\AppData\Local\Android\Sdk\tools\bin' (newest first):
[35m[ADB][39m     C:/Users/eduar/AppData/Local/Android/Sdk/tools/bin/build-tools/34.0.0
[35m[ADB][39m     C:/Users/eduar/AppData/Local/Android/Sdk/tools/bin/build-tools/33.0.1
[35m[ADB][39m Using 'adb.exe' from 'C:\Users\eduar\AppData\Local\Android\Sdk\tools\bin\platform-tools\adb.exe'
[debug] [35m[ADB][39m Running 'C:\Users\eduar\AppData\Local\Android\Sdk\tools\bin\platform-tools\adb.exe -P 5037 start-server'
[35m[AndroidDriver][39m Retrieving device list
[debug] [35m[ADB][39m Trying to find a connected android device
[debug] [35m[ADB][39m Getting connected devices
[debug] [35m[ADB][39m Connected devices: [{"udid":"emulator-5554","state":"device"}]
[35m[AndroidDriver][39m Looking for a device with Android '12.0.0'
[debug] [35m[ADB][39m Setting device id to emulator-5554
[35m[ADB][39m Getting device platform version
[debug] [35m[ADB][39m Running 'C:\Users\eduar\AppData\Local\Android\Sdk\tools\bin\platform-tools\adb.exe -P 5037 -s emulator-5554 shell getprop ro.build.version.release'
[debug] [35m[ADB][39m Current device property 'ro.build.version.release': 12
[35m[AndroidDriver][39m Using device: emulator-5554
[35m[ADB][39m Using 'adb.exe' from 'C:\Users\eduar\AppData\Local\Android\Sdk\tools\bin\platform-tools\adb.exe'
[debug] [35m[ADB][39m Running 'C:\Users\eduar\AppData\Local\Android\Sdk\tools\bin\platform-tools\adb.exe -P 5037 start-server'
[debug] [35m[ADB][39m Setting device id to emulator-5554
[debug] [35m[ADB][39m Running 'C:\Users\eduar\AppData\Local\Android\Sdk\tools\bin\platform-tools\adb.exe -P 5037 -s emulator-5554 shell getprop ro.build.version.sdk'
[debug] [35m[ADB][39m Current device property 'ro.build.version.sdk': 31
[35m[ADB][39m Getting device platform version
[debug] [35m[ADB][39m Running 'C:\Users\eduar\AppData\Local\Android\Sdk\tools\bin\platform-tools\adb.exe -P 5037 -s emulator-5554 shell getprop ro.build.version.release'
[debug] [35m[ADB][39m Current device property 'ro.build.version.release': 12
[debug] [35m[ADB][39m Device API level: 31
[35m[UiAutomator2][39m Relaxing hidden api policy
[debug] [35m[ADB][39m Running 'C:\Users\eduar\AppData\Local\Android\Sdk\tools\bin\platform-tools\adb.exe -P 5037 -s emulator-5554 shell 'settings put global hidden_api_policy_pre_p_apps 1;settings put global hidden_api_policy_p_apps 1;settings put global hidden_api_policy 1''
[debug] [35m[ADB][39m Running 'C:\Users\eduar\AppData\Local\Android\Sdk\tools\bin\platform-tools\adb.exe -P 5037 -s emulator-5554 wait-for-device'
[debug] [35m[ADB][39m Running 'C:\Users\eduar\AppData\Local\Android\Sdk\tools\bin\platform-tools\adb.exe -P 5037 -s emulator-5554 shell echo ping'
[debug] [35m[AndroidDriver][39m Pushing settings apk to device...
[debug] [35m[ADB][39m Getting install status for io.appium.settings
[debug] [35m[ADB][39m Running 'C:\Users\eduar\AppData\Local\Android\Sdk\tools\bin\platform-tools\adb.exe -P 5037 -s emulator-5554 shell dumpsys package io.appium.settings'
[debug] [35m[ADB][39m 'io.appium.settings' is installed
[debug] [35m[ADB][39m Getting package info for 'io.appium.settings'
[debug] [35m[ADB][39m Running 'C:\Users\eduar\AppData\Local\Android\Sdk\tools\bin\platform-tools\adb.exe -P 5037 -s emulator-5554 shell dumpsys package io.appium.settings'
[debug] [35m[ADB][39m The version name of the installed 'io.appium.settings' is greater or equal to the application version name ('3.4.0' >= '3.4.0')
[debug] [35m[ADB][39m There is no need to install/upgrade 'D:\Eduardo Automation\TS\mobile-test-webdriverio\Mobile-ts-mobile-testing-project\node_modules\appium\node_modules\io.appium.settings\apks\settings_apk-debug.apk'
[debug] [35m[ADB][39m Getting IDs of all 'io.appium.settings' processes
[debug] [35m[ADB][39m Running 'C:\Users\eduar\AppData\Local\Android\Sdk\tools\bin\platform-tools\adb.exe -P 5037 -s emulator-5554 shell 'pgrep --help; echo $?''
[debug] [35m[ADB][39m Running 'C:\Users\eduar\AppData\Local\Android\Sdk\tools\bin\platform-tools\adb.exe -P 5037 -s emulator-5554 shell pgrep -f \(\[\[:blank:\]\]\|\^\)io\.appium\.settings\(\[\[:blank:\]\]\|\$\)'
[debug] [35m[AndroidDriver][39m io.appium.settings is already running. There is no need to reset its permissions.
[debug] [35m[Logcat][39m Starting logs capture with command: C:\\Users\\eduar\\AppData\\Local\\Android\\Sdk\\tools\\bin\\platform-tools\\adb.exe -P 5037 -s emulator-5554 logcat -v threadtime
[debug] [35m[UiAutomator2][39m Forwarding UiAutomator2 Server port 6790 to local port 8200
[debug] [35m[ADB][39m Forwarding system: 8200 to device: 6790
[debug] [35m[ADB][39m Running 'C:\Users\eduar\AppData\Local\Android\Sdk\tools\bin\platform-tools\adb.exe -P 5037 -s emulator-5554 forward tcp:8200 tcp:6790'
[debug] [35m[ADB][39m Getting install status for io.appium.uiautomator2.server
[debug] [35m[ADB][39m Running 'C:\Users\eduar\AppData\Local\Android\Sdk\tools\bin\platform-tools\adb.exe -P 5037 -s emulator-5554 shell dumpsys package io.appium.uiautomator2.server'
[debug] [35m[ADB][39m 'io.appium.uiautomator2.server' is installed
[debug] [35m[ADB][39m Getting package info for 'io.appium.uiautomator2.server'
[debug] [35m[ADB][39m Running 'C:\Users\eduar\AppData\Local\Android\Sdk\tools\bin\platform-tools\adb.exe -P 5037 -s emulator-5554 shell dumpsys package io.appium.uiautomator2.server'
[debug] [35m[ADB][39m The version name of the installed 'io.appium.uiautomator2.server' is greater or equal to the application version name ('4.27.0' >= '4.27.0')
[debug] [35m[UiAutomator2][39m io.appium.uiautomator2.server installation state: sameVersionInstalled
[debug] [35m[ADB][39m Checking app cert for D:\Eduardo Automation\TS\mobile-test-webdriverio\Mobile-ts-mobile-testing-project\node_modules\appium\node_modules\appium-uiautomator2-server\apks\appium-uiautomator2-server-v4.27.0.apk
[35m[ADB][39m Using 'apksigner.jar' from 'C:\Users\eduar\AppData\Local\Android\Sdk\tools\bin\build-tools\34.0.0\lib\apksigner.jar'
[debug] [35m[ADB][39m Starting apksigner: 'C:\\Program Files\\Java\\jdk-17\\bin\\java.exe' -Xmx1024M -Xss1m -jar C:\\Users\\eduar\\AppData\\Local\\Android\\Sdk\\tools\\bin\\build-tools\\34.0.0\\lib\\apksigner.jar verify --print-certs 'D:\\Eduardo Automation\\TS\\mobile-test-webdriverio\\Mobile-ts-mobile-testing-project\\node_modules\\appium\\node_modules\\appium-uiautomator2-server\\apks\\appium-uiautomator2-server-v4.27.0.apk'
[debug] [35m[ADB][39m apksigner stdout: Signer #1 certificate DN: EMAILADDRESS=android@android.com, CN=Android, OU=Android, O=Android, L=Mountain View, ST=California, C=US
[debug] [35m[ADB][39m Signer #1 certificate SHA-256 digest: a40da80a59d170caa950cf15c18c454d47a39b26989d8b640ecd745ba71bf5dc
[debug] [35m[ADB][39m Signer #1 certificate SHA-1 digest: 61ed377e85d386a8dfee6b864bd85b0bfaa5af81
[debug] [35m[ADB][39m Signer #1 certificate MD5 digest: e89b158e4bcf988ebd09eb83f5378e87
[debug] [35m[ADB][39m 
[debug] [35m[ADB][39m sha256 hash did match for 'appium-uiautomator2-server-v4.27.0.apk'
[35m[ADB][39m 'D:\Eduardo Automation\TS\mobile-test-webdriverio\Mobile-ts-mobile-testing-project\node_modules\appium\node_modules\appium-uiautomator2-server\apks\appium-uiautomator2-server-v4.27.0.apk' is signed with the default certificate
[debug] [35m[ADB][39m Getting install status for io.appium.uiautomator2.server.test
[debug] [35m[ADB][39m Running 'C:\Users\eduar\AppData\Local\Android\Sdk\tools\bin\platform-tools\adb.exe -P 5037 -s emulator-5554 shell dumpsys package io.appium.uiautomator2.server.test'
[debug] [35m[ADB][39m 'io.appium.uiautomator2.server.test' is installed
[debug] [35m[ADB][39m Checking app cert for D:\Eduardo Automation\TS\mobile-test-webdriverio\Mobile-ts-mobile-testing-project\node_modules\appium\node_modules\appium-uiautomator2-server\apks\appium-uiautomator2-server-debug-androidTest.apk
[debug] [35m[ADB][39m Starting apksigner: 'C:\\Program Files\\Java\\jdk-17\\bin\\java.exe' -Xmx1024M -Xss1m -jar C:\\Users\\eduar\\AppData\\Local\\Android\\Sdk\\tools\\bin\\build-tools\\34.0.0\\lib\\apksigner.jar verify --print-certs 'D:\\Eduardo Automation\\TS\\mobile-test-webdriverio\\Mobile-ts-mobile-testing-project\\node_modules\\appium\\node_modules\\appium-uiautomator2-server\\apks\\appium-uiautomator2-server-debug-androidTest.apk'
[debug] [35m[ADB][39m apksigner stdout: Signer #1 certificate DN: EMAILADDRESS=android@android.com, CN=Android, OU=Android, O=Android, L=Mountain View, ST=California, C=US
[debug] [35m[ADB][39m Signer #1 certificate SHA-256 digest: a40da80a59d170caa950cf15c18c454d47a39b26989d8b640ecd745ba71bf5dc
[debug] [35m[ADB][39m Signer #1 certificate SHA-1 digest: 61ed377e85d386a8dfee6b864bd85b0bfaa5af81
[debug] [35m[ADB][39m Signer #1 certificate MD5 digest: e89b158e4bcf988ebd09eb83f5378e87
[debug] [35m[ADB][39m 
[debug] [35m[ADB][39m sha256 hash did match for 'appium-uiautomator2-server-debug-androidTest.apk'
[35m[ADB][39m 'D:\Eduardo Automation\TS\mobile-test-webdriverio\Mobile-ts-mobile-testing-project\node_modules\appium\node_modules\appium-uiautomator2-server\apks\appium-uiautomator2-server-debug-androidTest.apk' is signed with the default certificate
[35m[UiAutomator2][39m Server packages are not going to be (re)installed
[debug] [35m[UiAutomator2][39m Waiting up to 30000ms for services to be available
[debug] [35m[ADB][39m Running 'C:\Users\eduar\AppData\Local\Android\Sdk\tools\bin\platform-tools\adb.exe -P 5037 -s emulator-5554 shell pm list instrumentation'
[debug] [35m[UiAutomator2][39m Instrumentation target 'io.appium.uiautomator2.server.test/androidx.test.runner.AndroidJUnitRunner' is available
[35m[ADB][39m Adding packages ["io.appium.settings","io.appium.uiautomator2.server","io.appium.uiautomator2.server.test"] to Doze whitelist
[debug] [35m[ADB][39m Got the following command chunks to execute: [["dumpsys","deviceidle","whitelist","+io.appium.settings",";","dumpsys","deviceidle","whitelist","+io.appium.uiautomator2.server",";","dumpsys","deviceidle","whitelist","+io.appium.uiautomator2.server.test",";"]]
[debug] [35m[ADB][39m Running 'C:\Users\eduar\AppData\Local\Android\Sdk\tools\bin\platform-tools\adb.exe -P 5037 -s emulator-5554 shell dumpsys deviceidle whitelist +io.appium.settings ; dumpsys deviceidle whitelist +io.appium.uiautomator2.server ; dumpsys deviceidle whitelist +io.appium.uiautomator2.server.test ;'
[debug] [35m[ADB][39m Checking app cert for D:\Eduardo Automation\TS\mobile-test-webdriverio\Mobile-ts-mobile-testing-project\test./../app/Android-NativeDemoApp-0.4.0.apk
[debug] [35m[ADB][39m Starting apksigner: 'C:\\Program Files\\Java\\jdk-17\\bin\\java.exe' -Xmx1024M -Xss1m -jar C:\\Users\\eduar\\AppData\\Local\\Android\\Sdk\\tools\\bin\\build-tools\\34.0.0\\lib\\apksigner.jar verify --print-certs 'D:\\Eduardo Automation\\TS\\mobile-test-webdriverio\\Mobile-ts-mobile-testing-project\\test./../app/Android-NativeDemoApp-0.4.0.apk'
[debug] [35m[ADB][39m apksigner stdout: Signer #1 certificate DN: EMAILADDRESS=android@android.com, CN=Android, OU=Android, O=Android, L=Mountain View, ST=California, C=US
[debug] [35m[ADB][39m Signer #1 certificate SHA-256 digest: a40da80a59d170caa950cf15c18c454d47a39b26989d8b640ecd745ba71bf5dc
[debug] [35m[ADB][39m Signer #1 certificate SHA-1 digest: 61ed377e85d386a8dfee6b864bd85b0bfaa5af81
[debug] [35m[ADB][39m Signer #1 certificate MD5 digest: e89b158e4bcf988ebd09eb83f5378e87
[debug] [35m[ADB][39m 
[debug] [35m[ADB][39m sha256 hash did match for 'Android-NativeDemoApp-0.4.0.apk'
[35m[ADB][39m 'D:\Eduardo Automation\TS\mobile-test-webdriverio\Mobile-ts-mobile-testing-project\test./../app/Android-NativeDemoApp-0.4.0.apk' is signed with the default certificate
[debug] [35m[ADB][39m Getting install status for com.wdiodemoapp
[debug] [35m[ADB][39m Running 'C:\Users\eduar\AppData\Local\Android\Sdk\tools\bin\platform-tools\adb.exe -P 5037 -s emulator-5554 shell dumpsys package com.wdiodemoapp'
[debug] [35m[ADB][39m 'com.wdiodemoapp' is installed
[debug] [35m[ADB][39m Getting package info for 'com.wdiodemoapp'
[debug] [35m[ADB][39m Running 'C:\Users\eduar\AppData\Local\Android\Sdk\tools\bin\platform-tools\adb.exe -P 5037 -s emulator-5554 shell dumpsys package com.wdiodemoapp'
[debug] [35m[ADB][39m The version name of the installed 'com.wdiodemoapp' is greater or equal to the application version name ('0.4.0' >= '0.4.0')
[debug] [35m[ADB][39m There is no need to install/upgrade 'D:\Eduardo Automation\TS\mobile-test-webdriverio\Mobile-ts-mobile-testing-project\test./../app/Android-NativeDemoApp-0.4.0.apk'
[35m[AndroidDriver][39m Performing fast reset on 'com.wdiodemoapp'
[debug] [35m[ADB][39m Getting install status for com.wdiodemoapp
[debug] [35m[ADB][39m Running 'C:\Users\eduar\AppData\Local\Android\Sdk\tools\bin\platform-tools\adb.exe -P 5037 -s emulator-5554 shell dumpsys package com.wdiodemoapp'
[debug] [35m[ADB][39m 'com.wdiodemoapp' is installed
[debug] [35m[ADB][39m Running 'C:\Users\eduar\AppData\Local\Android\Sdk\tools\bin\platform-tools\adb.exe -P 5037 -s emulator-5554 shell am force-stop com.wdiodemoapp'
[debug] [35m[ADB][39m Running 'C:\Users\eduar\AppData\Local\Android\Sdk\tools\bin\platform-tools\adb.exe -P 5037 -s emulator-5554 shell pm clear com.wdiodemoapp'
[debug] [35m[AndroidDriver][39m Performed fast reset on the installed 'com.wdiodemoapp' application (stop and clear)
[debug] [35m[UiAutomator2][39m Performing shallow cleanup of automation leftovers
[debug] [35m[UiAutomator2][39m No obsolete sessions have been detected (socket hang up)
[debug] [35m[ADB][39m Running 'C:\Users\eduar\AppData\Local\Android\Sdk\tools\bin\platform-tools\adb.exe -P 5037 -s emulator-5554 shell am force-stop io.appium.uiautomator2.server.test'
[35m[UiAutomator2][39m Starting UIAutomator2 server 4.27.0
[35m[UiAutomator2][39m Using UIAutomator2 server from 'D:\Eduardo Automation\TS\mobile-test-webdriverio\Mobile-ts-mobile-testing-project\node_modules\appium\node_modules\appium-uiautomator2-server\apks\appium-uiautomator2-server-v4.27.0.apk' and test from 'D:\Eduardo Automation\TS\mobile-test-webdriverio\Mobile-ts-mobile-testing-project\node_modules\appium\node_modules\appium-uiautomator2-server\apks\appium-uiautomator2-server-debug-androidTest.apk'
[35m[UiAutomator2][39m Waiting up to 200000ms for UiAutomator2 to be online...
[debug] [35m[ADB][39m Creating ADB subprocess with args: ["-P",5037,"-s","emulator-5554","shell","am","instrument","-w","-e","disableAnalytics",true,"io.appium.uiautomator2.server.test/androidx.test.runner.AndroidJUnitRunner"]
[debug] [35m[WD Proxy][39m Matched '/status' to command name 'getStatus'
[debug] [35m[WD Proxy][39m Proxying [GET /status] to [GET http://127.0.0.1:8200/wd/hub/status] with no body
[35m[WD Proxy][39m socket hang up
[debug] [35m[Instrumentation][39m io.appium.uiautomator2.server.test.AppiumUiAutomator2Server:
[debug] [35m[WD Proxy][39m Matched '/status' to command name 'getStatus'
[debug] [35m[WD Proxy][39m Proxying [GET /status] to [GET http://127.0.0.1:8200/wd/hub/status] with no body
[35m[WD Proxy][39m socket hang up
[debug] [35m[WD Proxy][39m Matched '/status' to command name 'getStatus'
[debug] [35m[WD Proxy][39m Proxying [GET /status] to [GET http://127.0.0.1:8200/wd/hub/status] with no body
[debug] [35m[WD Proxy][39m Got response with status 200: {"sessionId":"None","value":{"message":"UiAutomator2 Server is ready to accept commands","ready":true}}
[debug] [35m[UiAutomator2][39m The initialization of the instrumentation process took 2200ms
[debug] [35m[WD Proxy][39m Matched '/session' to command name 'createSession'
[debug] [35m[WD Proxy][39m Proxying [POST /session] to [POST http://127.0.0.1:8200/wd/hub/session] with body: {"capabilities":{"firstMatch":[{"platform":"LINUX","webStorageEnabled":false,"takesScreenshot":true,"javascriptEnabled":true,"databaseEnabled":false,"networkConnectionEnabled":true,"locationContextEnabled":false,"warnings":{},"desired":{"platformName":"Android","automationName":"UiAutomator2","platformVersion":"12","deviceName":"emulator-5554","app":"D:\\Eduardo Automation\\TS\\mobile-test-webdriverio\\Mobile-ts-mobile-testing-project\\test./../app/Android-NativeDemoApp-0.4.0.apk","appPackage":"com.wdiodemoapp","appActivity":"com.wdiodemoapp.MainActivity","uiautomator2ServerLaunchTimeout":200000},"platformName":"Android","automationName":"UiAutomator2","platformVersion":"12","deviceName":"emulator-5554","app":"D:\\Eduardo Automation\\TS\\mobile-test-webdriverio\\Mobile-ts-mobile-testing-project\\test./../app/Android-NativeDemoApp-0.4.0.apk","appPackage":"com.wdiodemoapp","appActivity":"com.wdiodemoapp.MainActivity","uiautomator2ServerLaunchTimeout":200000,"deviceUDID":"emulator-5554"}],"alwaysMatch":{}}}
[debug] [35m[WD Proxy][39m Got response with status 200: {"sessionId":"0e34cdc4-0908-41b4-a7ea-7586473d23c1","value":{"capabilities":{"firstMatch":[{"platform":"LINUX","webStorageEnabled":false,"takesScreenshot":true,"javascriptEnabled":true,"databaseEnabled":false,"networkConnectionEnabled":true,"locationContextEnabled":false,"warnings":{},"desired":{"platformName":"Android","automationName":"UiAutomator2","platformVersion":"12","deviceName":"emulator-5554","app":"D:\\Eduardo Automation\\TS\\mobile-test-webdriverio\\Mobile-ts-mobile-testing-project\\test./../app/Android-NativeDemoApp-0.4.0.apk","appPackage":"com.wdiodemoapp","appActivity":"com.wdiodemoapp.MainActivity","uiautomator2ServerLaunchTimeout":200000},"platformName":"Android","automationName":"UiAutomator2","platformVersion":"12","deviceName":"emulator-5554","app":"D:\\Eduardo Automation\\TS\\mobile-test-webdriverio\\Mobile-ts-mobile-testing-project\\test./../app/Android-NativeDemoApp-0.4.0.apk","appPackage":"com.wdiodemoapp","appActivity":"com.wdiodemoapp.MainActivity","uiautomator2ServerLaunchTimeout...
[35m[WD Proxy][39m Determined the downstream protocol as 'W3C'
[debug] [35m[WD Proxy][39m Proxying [GET /appium/device/info] to [GET http://127.0.0.1:8200/wd/hub/session/0e34cdc4-0908-41b4-a7ea-7586473d23c1/appium/device/info] with no body
[debug] [35m[WD Proxy][39m Got response with status 200: {"sessionId":"0e34cdc4-0908-41b4-a7ea-7586473d23c1","value":{"androidId":"db813a9e0e01e777","apiVersion":"31","bluetooth":{"state":"ON"},"brand":"google","carrierName":"T-Mobile","displayDensity":440,"locale":"en_US","manufacturer":"Google","model":"sdk_gphone64_x86_64","networks":[{"capabilities":{"SSID":null,"linkDownBandwidthKbps":30000,"linkUpstreamBandwidthKbps":12000,"networkCapabilities":"NET_CAPABILITY_NOT_METERED,NET_CAPABILITY_INTERNET,NET_CAPABILITY_NOT_RESTRICTED,NET_CAPABILITY_TRUSTED,NET_CAPABILITY_NOT_VPN,NET_CAPABILITY_VALIDATED,NET_CAPABILITY_NOT_ROAMING,NET_CAPABILITY_FOREGROUND,NET_CAPABILITY_NOT_CONGESTED,NET_CAPABILITY_NOT_SUSPENDED","signalStrength":-50,"transportTypes":"TRANSPORT_WIFI"},"detailedState":"CONNECTED","extraInfo":"","isAvailable":true,"isConnected":true,"isFailover":false,"isRoaming":false,"state":"CONNECTED","subtype":-1,"subtypeName":"","type":1,"typeName":"WIFI"},{"capabilities":{"SSID":null,"linkDownBandwidthKbps":4300,"linkUpstreamBandwidthKbps":1800,"networkCapabil...
[debug] [35m[ADB][39m Running 'C:\Users\eduar\AppData\Local\Android\Sdk\tools\bin\platform-tools\adb.exe -P 5037 -s emulator-5554 shell dumpsys window'
[35m[AndroidDriver][39m Screen already unlocked, doing nothing
[35m[UiAutomator2][39m Starting 'com.wdiodemoapp/com.wdiodemoapp.MainActivity and waiting for 'com.wdiodemoapp/com.wdiodemoapp.MainActivity'
[debug] [35m[ADB][39m Running 'C:\Users\eduar\AppData\Local\Android\Sdk\tools\bin\platform-tools\adb.exe -P 5037 -s emulator-5554 shell am start -W -n com.wdiodemoapp/com.wdiodemoapp.MainActivity -S -a android.intent.action.MAIN -c android.intent.category.LAUNCHER -f 0x10200000'
[debug] [35m[WD Proxy][39m Proxying [GET /appium/device/pixel_ratio] to [GET http://127.0.0.1:8200/wd/hub/session/0e34cdc4-0908-41b4-a7ea-7586473d23c1/appium/device/pixel_ratio] with no body
[debug] [35m[WD Proxy][39m Got response with status 200: {"sessionId":"0e34cdc4-0908-41b4-a7ea-7586473d23c1","value":2.75}
[debug] [35m[WD Proxy][39m Matched '/appium/device/system_bars' to command name 'getSystemBars'
[debug] [35m[WD Proxy][39m Proxying [GET /appium/device/system_bars] to [GET http://127.0.0.1:8200/wd/hub/session/0e34cdc4-0908-41b4-a7ea-7586473d23c1/appium/device/system_bars] with no body
[debug] [35m[WD Proxy][39m Got response with status 200: {"sessionId":"0e34cdc4-0908-41b4-a7ea-7586473d23c1","value":{"statusBar":136}}
[debug] [35m[WD Proxy][39m Matched '/window/current/size' to command name 'getWindowSize'
[debug] [35m[WD Proxy][39m Proxying [GET /window/current/size] to [GET http://127.0.0.1:8200/wd/hub/session/0e34cdc4-0908-41b4-a7ea-7586473d23c1/window/current/size] with no body
[debug] [35m[WD Proxy][39m Got response with status 200: {"sessionId":"0e34cdc4-0908-41b4-a7ea-7586473d23c1","value":{"height":2072,"width":1080}}
[35m[Appium][39m New AndroidUiautomator2Driver session created successfully, session e70d3be8-3f6a-4e60-b990-955064d212ea added to master session list
[debug] [35m[BaseDriver][39m Event 'newSessionStarted' logged at 1693081153033 (15:19:13 GMT-0500 (hora estándar de Colombia))
[debug] [35m[W3C (e70d3be8)][39m Cached the protocol value 'W3C' for the new session e70d3be8-3f6a-4e60-b990-955064d212ea
[debug] [35m[W3C (e70d3be8)][39m Responding to client with driver.createSession() result: {"capabilities":{"platform":"LINUX","webStorageEnabled":false,"takesScreenshot":true,"javascriptEnabled":true,"databaseEnabled":false,"networkConnectionEnabled":true,"locationContextEnabled":false,"warnings":{},"desired":{"platformName":"Android","automationName":"UiAutomator2","platformVersion":"12","deviceName":"emulator-5554","app":"D:\\Eduardo Automation\\TS\\mobile-test-webdriverio\\Mobile-ts-mobile-testing-project\\test./../app/Android-NativeDemoApp-0.4.0.apk","appPackage":"com.wdiodemoapp","appActivity":"com.wdiodemoapp.MainActivity","uiautomator2ServerLaunchTimeout":200000},"platformName":"Android","automationName":"UiAutomator2","platformVersion":"12","deviceName":"emulator-5554","app":"D:\\Eduardo Automation\\TS\\mobile-test-webdriverio\\Mobile-ts-mobile-testing-project\\test./../app/Android-NativeDemoApp-0.4.0.apk","appPackage":"com.wdiodemoapp","appActivity":"com.wdiodemoapp.MainActivity","uiautomator2ServerLaunchTimeout":200000,"deviceUDID":"emulator-5554","deviceApiLevel":31,"deviceScreenSize...
[35m[HTTP][39m [37m<-- POST /session [39m[32m200[39m [90m7510 ms - 1290[39m
[35m[HTTP][39m [90m[39m
[35m[HTTP][39m [37m-->[39m [37mPOST[39m [37m/session/e70d3be8-3f6a-4e60-b990-955064d212ea/element[39m
[35m[HTTP][39m [90m{"using":"accessibility id","value":"Login"}[39m
[debug] [35m[W3C (e70d3be8)][39m Calling AppiumDriver.findElement() with args: ["accessibility id","Login","e70d3be8-3f6a-4e60-b990-955064d212ea"]
[debug] [35m[BaseDriver][39m Valid locator strategies for this request: xpath, id, class name, accessibility id, css selector, -android uiautomator
[debug] [35m[BaseDriver][39m Waiting up to 0 ms for condition
[debug] [35m[WD Proxy][39m Matched '/element' to command name 'findElement'
[debug] [35m[WD Proxy][39m Proxying [POST /element] to [POST http://127.0.0.1:8200/wd/hub/session/0e34cdc4-0908-41b4-a7ea-7586473d23c1/element] with body: {"strategy":"accessibility id","selector":"Login","context":"","multiple":false}
[debug] [35m[WD Proxy][39m Got response with status 200: {"sessionId":"0e34cdc4-0908-41b4-a7ea-7586473d23c1","value":{"ELEMENT":"00000000-0000-0147-ffff-ffff0000001f","element-6066-11e4-a52e-4f735466cecf":"00000000-0000-0147-ffff-ffff0000001f"}}
[debug] [35m[W3C (e70d3be8)][39m Responding to client with driver.findElement() result: {"element-6066-11e4-a52e-4f735466cecf":"00000000-0000-0147-ffff-ffff0000001f","ELEMENT":"00000000-0000-0147-ffff-ffff0000001f"}
[35m[HTTP][39m [37m<-- POST /session/e70d3be8-3f6a-4e60-b990-955064d212ea/element [39m[32m200[39m [90m955 ms - 137[39m
[35m[HTTP][39m [90m[39m
[35m[HTTP][39m [37m-->[39m [37mPOST[39m [37m/session/e70d3be8-3f6a-4e60-b990-955064d212ea/element/00000000-0000-0147-ffff-ffff0000001f/click[39m
[35m[HTTP][39m [90m{}[39m
[debug] [35m[W3C (e70d3be8)][39m Calling AppiumDriver.click() with args: ["00000000-0000-0147-ffff-ffff0000001f","e70d3be8-3f6a-4e60-b990-955064d212ea"]
[debug] [35m[WD Proxy][39m Matched '/element/00000000-0000-0147-ffff-ffff0000001f/click' to command name 'click'
[debug] [35m[WD Proxy][39m Proxying [POST /element/00000000-0000-0147-ffff-ffff0000001f/click] to [POST http://127.0.0.1:8200/wd/hub/session/0e34cdc4-0908-41b4-a7ea-7586473d23c1/element/00000000-0000-0147-ffff-ffff0000001f/click] with body: {"element":"00000000-0000-0147-ffff-ffff0000001f"}
[debug] [35m[WD Proxy][39m Got response with status 200: {"sessionId":"0e34cdc4-0908-41b4-a7ea-7586473d23c1","value":null}
[debug] [35m[W3C (e70d3be8)][39m Responding to client with driver.click() result: null
[35m[HTTP][39m [37m<-- POST /session/e70d3be8-3f6a-4e60-b990-955064d212ea/element/00000000-0000-0147-ffff-ffff0000001f/click [39m[32m200[39m [90m53 ms - 14[39m
[35m[HTTP][39m [90m[39m
[35m[HTTP][39m [37m-->[39m [37mPOST[39m [37m/session/e70d3be8-3f6a-4e60-b990-955064d212ea/element[39m
[35m[HTTP][39m [90m{"using":"accessibility id","value":"input-email"}[39m
[debug] [35m[W3C (e70d3be8)][39m Calling AppiumDriver.findElement() with args: ["accessibility id","input-email","e70d3be8-3f6a-4e60-b990-955064d212ea"]
[debug] [35m[BaseDriver][39m Valid locator strategies for this request: xpath, id, class name, accessibility id, css selector, -android uiautomator
[debug] [35m[BaseDriver][39m Waiting up to 0 ms for condition
[debug] [35m[WD Proxy][39m Matched '/element' to command name 'findElement'
[debug] [35m[WD Proxy][39m Proxying [POST /element] to [POST http://127.0.0.1:8200/wd/hub/session/0e34cdc4-0908-41b4-a7ea-7586473d23c1/element] with body: {"strategy":"accessibility id","selector":"input-email","context":"","multiple":false}
[35m[WD Proxy][39m Got response with status 404: {"sessionId":"0e34cdc4-0908-41b4-a7ea-7586473d23c1","value":{"error":"no such element","message":"An element could not be located on the page using the given search parameters","stacktrace":"io.appium.uiautomator2.common.exceptions.ElementNotFoundException: An element could not be located on the page using the given search parameters\n\tat io.appium.uiautomator2.handler.FindElement.safeHandle(FindElement.java:70)\n\tat io.appium.uiautomator2.handler.request.SafeRequestHandler.handle(SafeRequestHandler.java:59)\n\tat io.appium.uiautomator2.server.AppiumServlet.handleRequest(AppiumServlet.java:266)\n\tat io.appium.uiautomator2.server.AppiumServlet.handleHttpRequest(AppiumServlet.java:260)\n\tat io.appium.uiautomator2.http.ServerHandler.channelRead(ServerHandler.java:68)\n\tat io.netty.channel.AbstractChannelHandlerContext.invokeChannelRead(AbstractChannelHandlerContext.java:366)\n\tat io.netty.channel.AbstractChannelHandlerContext.invokeChannelRead(AbstractChannelHandlerContext.java:352)\n\tat io.netty.chann...
[debug] [35m[W3C][39m Matched W3C error code 'no such element' to NoSuchElementError
[debug] [35m[W3C (e70d3be8)][39m Encountered internal error running command: NoSuchElementError: An element could not be located on the page using the given search parameters.
[debug] [35m[W3C (e70d3be8)][39m     at AndroidUiautomator2Driver.findElOrEls (D:\Eduardo Automation\TS\mobile-test-webdriverio\Mobile-ts-mobile-testing-project\node_modules\appium\node_modules\appium-android-driver\lib\commands\find.js:75:11)
[debug] [35m[W3C (e70d3be8)][39m     at processTicksAndRejections (node:internal/process/task_queues:95:5)
[debug] [35m[W3C (e70d3be8)][39m     at AndroidUiautomator2Driver.findElOrElsWithProcessing (D:\Eduardo Automation\TS\mobile-test-webdriverio\Mobile-ts-mobile-testing-project\node_modules\appium\node_modules\appium-base-driver\lib\basedriver\commands\find.js:33:12)
[debug] [35m[W3C (e70d3be8)][39m     at AndroidUiautomator2Driver.findElement (D:\Eduardo Automation\TS\mobile-test-webdriverio\Mobile-ts-mobile-testing-project\node_modules\appium\node_modules\appium-base-driver\lib\basedriver\commands\find.js:53:10)
[35m[HTTP][39m [37m<-- POST /session/e70d3be8-3f6a-4e60-b990-955064d212ea/element [39m[33m404[39m [90m58 ms - 1018[39m
[35m[HTTP][39m [90m[39m
[35m[HTTP][39m [37m-->[39m [37mPOST[39m [37m/session/e70d3be8-3f6a-4e60-b990-955064d212ea/elements[39m
[35m[HTTP][39m [90m{"using":"accessibility id","value":"input-email"}[39m
[debug] [35m[W3C (e70d3be8)][39m Calling AppiumDriver.findElements() with args: ["accessibility id","input-email","e70d3be8-3f6a-4e60-b990-955064d212ea"]
[debug] [35m[BaseDriver][39m Valid locator strategies for this request: xpath, id, class name, accessibility id, css selector, -android uiautomator
[debug] [35m[BaseDriver][39m Waiting up to 0 ms for condition
[debug] [35m[WD Proxy][39m Matched '/elements' to command name 'findElements'
[debug] [35m[WD Proxy][39m Proxying [POST /elements] to [POST http://127.0.0.1:8200/wd/hub/session/0e34cdc4-0908-41b4-a7ea-7586473d23c1/elements] with body: {"strategy":"accessibility id","selector":"input-email","context":"","multiple":true}
[debug] [35m[WD Proxy][39m Got response with status 200: {"sessionId":"0e34cdc4-0908-41b4-a7ea-7586473d23c1","value":[]}
[debug] [35m[W3C (e70d3be8)][39m Responding to client with driver.findElements() result: []
[35m[HTTP][39m [37m<-- POST /session/e70d3be8-3f6a-4e60-b990-955064d212ea/elements [39m[32m200[39m [90m45 ms - 12[39m
[35m[HTTP][39m [90m[39m
[35m[HTTP][39m [37m-->[39m [37mPOST[39m [37m/session/e70d3be8-3f6a-4e60-b990-955064d212ea/elements[39m
[35m[HTTP][39m [90m{"using":"accessibility id","value":"input-email"}[39m
[debug] [35m[W3C (e70d3be8)][39m Calling AppiumDriver.findElements() with args: ["accessibility id","input-email","e70d3be8-3f6a-4e60-b990-955064d212ea"]
[debug] [35m[BaseDriver][39m Valid locator strategies for this request: xpath, id, class name, accessibility id, css selector, -android uiautomator
[debug] [35m[BaseDriver][39m Waiting up to 0 ms for condition
[debug] [35m[WD Proxy][39m Matched '/elements' to command name 'findElements'
[debug] [35m[WD Proxy][39m Proxying [POST /elements] to [POST http://127.0.0.1:8200/wd/hub/session/0e34cdc4-0908-41b4-a7ea-7586473d23c1/elements] with body: {"strategy":"accessibility id","selector":"input-email","context":"","multiple":true}
[debug] [35m[WD Proxy][39m Got response with status 200: {"sessionId":"0e34cdc4-0908-41b4-a7ea-7586473d23c1","value":[{"ELEMENT":"00000000-0000-0147-ffff-ffff00000053","element-6066-11e4-a52e-4f735466cecf":"00000000-0000-0147-ffff-ffff00000053"}]}
[debug] [35m[W3C (e70d3be8)][39m Responding to client with driver.findElements() result: [{"element-6066-11e4-a52e-4f735466cecf":"00000000-0000-0147-ffff-ffff00000053","ELEMENT":"00000000-0000-0147-ffff-ffff00000053"}]
[35m[HTTP][39m [37m<-- POST /session/e70d3be8-3f6a-4e60-b990-955064d212ea/elements [39m[32m200[39m [90m227 ms - 139[39m
[35m[HTTP][39m [90m[39m
[35m[HTTP][39m [37m-->[39m [37mPOST[39m [37m/session/e70d3be8-3f6a-4e60-b990-955064d212ea/element[39m
[35m[HTTP][39m [90m{"using":"accessibility id","value":"input-email"}[39m
[debug] [35m[W3C (e70d3be8)][39m Calling AppiumDriver.findElement() with args: ["accessibility id","input-email","e70d3be8-3f6a-4e60-b990-955064d212ea"]
[debug] [35m[BaseDriver][39m Valid locator strategies for this request: xpath, id, class name, accessibility id, css selector, -android uiautomator
[debug] [35m[BaseDriver][39m Waiting up to 0 ms for condition
[debug] [35m[WD Proxy][39m Matched '/element' to command name 'findElement'
[debug] [35m[WD Proxy][39m Proxying [POST /element] to [POST http://127.0.0.1:8200/wd/hub/session/0e34cdc4-0908-41b4-a7ea-7586473d23c1/element] with body: {"strategy":"accessibility id","selector":"input-email","context":"","multiple":false}
[debug] [35m[WD Proxy][39m Got response with status 200: {"sessionId":"0e34cdc4-0908-41b4-a7ea-7586473d23c1","value":{"ELEMENT":"00000000-0000-0147-ffff-ffff00000053","element-6066-11e4-a52e-4f735466cecf":"00000000-0000-0147-ffff-ffff00000053"}}
[debug] [35m[W3C (e70d3be8)][39m Responding to client with driver.findElement() result: {"element-6066-11e4-a52e-4f735466cecf":"00000000-0000-0147-ffff-ffff00000053","ELEMENT":"00000000-0000-0147-ffff-ffff00000053"}
[35m[HTTP][39m [37m<-- POST /session/e70d3be8-3f6a-4e60-b990-955064d212ea/element [39m[32m200[39m [90m31 ms - 137[39m
[35m[HTTP][39m [90m[39m
[35m[HTTP][39m [37m-->[39m [37mPOST[39m [37m/session/e70d3be8-3f6a-4e60-b990-955064d212ea/element/00000000-0000-0147-ffff-ffff00000053/clear[39m
[35m[HTTP][39m [90m{}[39m
[debug] [35m[W3C (e70d3be8)][39m Calling AppiumDriver.clear() with args: ["00000000-0000-0147-ffff-ffff00000053","e70d3be8-3f6a-4e60-b990-955064d212ea"]
[debug] [35m[WD Proxy][39m Matched '/element/00000000-0000-0147-ffff-ffff00000053/clear' to command name 'clear'
[debug] [35m[WD Proxy][39m Proxying [POST /element/00000000-0000-0147-ffff-ffff00000053/clear] to [POST http://127.0.0.1:8200/wd/hub/session/0e34cdc4-0908-41b4-a7ea-7586473d23c1/element/00000000-0000-0147-ffff-ffff00000053/clear] with body: {"elementId":"00000000-0000-0147-ffff-ffff00000053"}
[debug] [35m[WD Proxy][39m Got response with status 200: {"sessionId":"0e34cdc4-0908-41b4-a7ea-7586473d23c1","value":null}
[debug] [35m[W3C (e70d3be8)][39m Responding to client with driver.clear() result: null
[35m[HTTP][39m [37m<-- POST /session/e70d3be8-3f6a-4e60-b990-955064d212ea/element/00000000-0000-0147-ffff-ffff00000053/clear [39m[32m200[39m [90m20 ms - 14[39m
[35m[HTTP][39m [90m[39m
[35m[HTTP][39m [37m-->[39m [37mPOST[39m [37m/session/e70d3be8-3f6a-4e60-b990-955064d212ea/element/00000000-0000-0147-ffff-ffff00000053/value[39m
[35m[HTTP][39m [90m{"text":"tomsmith@mail.com"}[39m
[debug] [35m[W3C (e70d3be8)][39m Calling AppiumDriver.setValue() with args: ["tomsmith@mail.com","00000000-0000-0147-ffff-ffff00000053","e70d3be8-3f6a-4e60-b990-955064d212ea"]
[debug] [35m[WD Proxy][39m Matched '/element/00000000-0000-0147-ffff-ffff00000053/value' to command name 'setValue'
[debug] [35m[Protocol Converter][39m Added 'value' property ["t","o","m","s","m","i","t","h","@","m","a","i","l",".","c","o","m"] to 'setValue' request body
[debug] [35m[WD Proxy][39m Proxying [POST /element/00000000-0000-0147-ffff-ffff00000053/value] to [POST http://127.0.0.1:8200/wd/hub/session/0e34cdc4-0908-41b4-a7ea-7586473d23c1/element/00000000-0000-0147-ffff-ffff00000053/value] with body: {"elementId":"00000000-0000-0147-ffff-ffff00000053","text":"tomsmith@mail.com","replace":false,"value":["t","o","m","s","m","i","t","h","@","m","a","i","l",".","c","o","m"]}
[debug] [35m[WD Proxy][39m Got response with status 200: {"sessionId":"0e34cdc4-0908-41b4-a7ea-7586473d23c1","value":null}
[debug] [35m[W3C (e70d3be8)][39m Responding to client with driver.setValue() result: null
[35m[HTTP][39m [37m<-- POST /session/e70d3be8-3f6a-4e60-b990-955064d212ea/element/00000000-0000-0147-ffff-ffff00000053/value [39m[32m200[39m [90m535 ms - 14[39m
[35m[HTTP][39m [90m[39m
[35m[HTTP][39m [37m-->[39m [37mPOST[39m [37m/session/e70d3be8-3f6a-4e60-b990-955064d212ea/element[39m
[35m[HTTP][39m [90m{"using":"accessibility id","value":"input-password"}[39m
[debug] [35m[W3C (e70d3be8)][39m Calling AppiumDriver.findElement() with args: ["accessibility id","input-password","e70d3be8-3f6a-4e60-b990-955064d212ea"]
[debug] [35m[BaseDriver][39m Valid locator strategies for this request: xpath, id, class name, accessibility id, css selector, -android uiautomator
[debug] [35m[BaseDriver][39m Waiting up to 0 ms for condition
[debug] [35m[WD Proxy][39m Matched '/element' to command name 'findElement'
[debug] [35m[WD Proxy][39m Proxying [POST /element] to [POST http://127.0.0.1:8200/wd/hub/session/0e34cdc4-0908-41b4-a7ea-7586473d23c1/element] with body: {"strategy":"accessibility id","selector":"input-password","context":"","multiple":false}
[debug] [35m[WD Proxy][39m Got response with status 200: {"sessionId":"0e34cdc4-0908-41b4-a7ea-7586473d23c1","value":{"ELEMENT":"00000000-0000-0147-ffff-ffff00000057","element-6066-11e4-a52e-4f735466cecf":"00000000-0000-0147-ffff-ffff00000057"}}
[debug] [35m[W3C (e70d3be8)][39m Responding to client with driver.findElement() result: {"element-6066-11e4-a52e-4f735466cecf":"00000000-0000-0147-ffff-ffff00000057","ELEMENT":"00000000-0000-0147-ffff-ffff00000057"}
[35m[HTTP][39m [37m<-- POST /session/e70d3be8-3f6a-4e60-b990-955064d212ea/element [39m[32m200[39m [90m606 ms - 137[39m
[35m[HTTP][39m [90m[39m
[35m[HTTP][39m [37m-->[39m [37mPOST[39m [37m/session/e70d3be8-3f6a-4e60-b990-955064d212ea/element/00000000-0000-0147-ffff-ffff00000057/clear[39m
[35m[HTTP][39m [90m{}[39m
[debug] [35m[W3C (e70d3be8)][39m Calling AppiumDriver.clear() with args: ["00000000-0000-0147-ffff-ffff00000057","e70d3be8-3f6a-4e60-b990-955064d212ea"]
[debug] [35m[WD Proxy][39m Matched '/element/00000000-0000-0147-ffff-ffff00000057/clear' to command name 'clear'
[debug] [35m[WD Proxy][39m Proxying [POST /element/00000000-0000-0147-ffff-ffff00000057/clear] to [POST http://127.0.0.1:8200/wd/hub/session/0e34cdc4-0908-41b4-a7ea-7586473d23c1/element/00000000-0000-0147-ffff-ffff00000057/clear] with body: {"elementId":"00000000-0000-0147-ffff-ffff00000057"}
[debug] [35m[WD Proxy][39m Got response with status 200: {"sessionId":"0e34cdc4-0908-41b4-a7ea-7586473d23c1","value":null}
[debug] [35m[W3C (e70d3be8)][39m Responding to client with driver.clear() result: null
[35m[HTTP][39m [37m<-- POST /session/e70d3be8-3f6a-4e60-b990-955064d212ea/element/00000000-0000-0147-ffff-ffff00000057/clear [39m[32m200[39m [90m16 ms - 14[39m
[35m[HTTP][39m [90m[39m
[35m[HTTP][39m [37m-->[39m [37mPOST[39m [37m/session/e70d3be8-3f6a-4e60-b990-955064d212ea/element/00000000-0000-0147-ffff-ffff00000057/value[39m
[35m[HTTP][39m [90m{"text":"SuperSecretPassword!"}[39m
[debug] [35m[W3C (e70d3be8)][39m Calling AppiumDriver.setValue() with args: ["SuperSecretPassword!","00000000-0000-0147-ffff-ffff00000057","e70d3be8-3f6a-4e60-b990-955064d212ea"]
[debug] [35m[WD Proxy][39m Matched '/element/00000000-0000-0147-ffff-ffff00000057/value' to command name 'setValue'
[debug] [35m[Protocol Converter][39m Added 'value' property ["S","u","p","e","r","S","e","c","r","e","t","P","a","s","s","w","o","r","d","!"] to 'setValue' request body
[debug] [35m[WD Proxy][39m Proxying [POST /element/00000000-0000-0147-ffff-ffff00000057/value] to [POST http://127.0.0.1:8200/wd/hub/session/0e34cdc4-0908-41b4-a7ea-7586473d23c1/element/00000000-0000-0147-ffff-ffff00000057/value] with body: {"elementId":"00000000-0000-0147-ffff-ffff00000057","text":"SuperSecretPassword!","replace":false,"value":["S","u","p","e","r","S","e","c","r","e","t","P","a","s","s","w","o","r","d","!"]}
[debug] [35m[WD Proxy][39m Got response with status 200: {"sessionId":"0e34cdc4-0908-41b4-a7ea-7586473d23c1","value":null}
[debug] [35m[W3C (e70d3be8)][39m Responding to client with driver.setValue() result: null
[35m[HTTP][39m [37m<-- POST /session/e70d3be8-3f6a-4e60-b990-955064d212ea/element/00000000-0000-0147-ffff-ffff00000057/value [39m[32m200[39m [90m534 ms - 14[39m
[35m[HTTP][39m [90m[39m
[35m[HTTP][39m [37m-->[39m [37mPOST[39m [37m/session/e70d3be8-3f6a-4e60-b990-955064d212ea/element[39m
[35m[HTTP][39m [90m{"using":"accessibility id","value":"button-LOGIN"}[39m
[debug] [35m[W3C (e70d3be8)][39m Calling AppiumDriver.findElement() with args: ["accessibility id","button-LOGIN","e70d3be8-3f6a-4e60-b990-955064d212ea"]
[debug] [35m[BaseDriver][39m Valid locator strategies for this request: xpath, id, class name, accessibility id, css selector, -android uiautomator
[debug] [35m[BaseDriver][39m Waiting up to 0 ms for condition
[debug] [35m[WD Proxy][39m Matched '/element' to command name 'findElement'
[debug] [35m[WD Proxy][39m Proxying [POST /element] to [POST http://127.0.0.1:8200/wd/hub/session/0e34cdc4-0908-41b4-a7ea-7586473d23c1/element] with body: {"strategy":"accessibility id","selector":"button-LOGIN","context":"","multiple":false}
[debug] [35m[WD Proxy][39m Got response with status 200: {"sessionId":"0e34cdc4-0908-41b4-a7ea-7586473d23c1","value":{"ELEMENT":"00000000-0000-0147-ffff-ffff0000005a","element-6066-11e4-a52e-4f735466cecf":"00000000-0000-0147-ffff-ffff0000005a"}}
[debug] [35m[W3C (e70d3be8)][39m Responding to client with driver.findElement() result: {"element-6066-11e4-a52e-4f735466cecf":"00000000-0000-0147-ffff-ffff0000005a","ELEMENT":"00000000-0000-0147-ffff-ffff0000005a"}
[35m[HTTP][39m [37m<-- POST /session/e70d3be8-3f6a-4e60-b990-955064d212ea/element [39m[32m200[39m [90m645 ms - 137[39m
[35m[HTTP][39m [90m[39m
[35m[HTTP][39m [37m-->[39m [37mPOST[39m [37m/session/e70d3be8-3f6a-4e60-b990-955064d212ea/element/00000000-0000-0147-ffff-ffff0000005a/click[39m
[35m[HTTP][39m [90m{}[39m
[debug] [35m[W3C (e70d3be8)][39m Calling AppiumDriver.click() with args: ["00000000-0000-0147-ffff-ffff0000005a","e70d3be8-3f6a-4e60-b990-955064d212ea"]
[debug] [35m[WD Proxy][39m Matched '/element/00000000-0000-0147-ffff-ffff0000005a/click' to command name 'click'
[debug] [35m[WD Proxy][39m Proxying [POST /element/00000000-0000-0147-ffff-ffff0000005a/click] to [POST http://127.0.0.1:8200/wd/hub/session/0e34cdc4-0908-41b4-a7ea-7586473d23c1/element/00000000-0000-0147-ffff-ffff0000005a/click] with body: {"element":"00000000-0000-0147-ffff-ffff0000005a"}
[debug] [35m[WD Proxy][39m Got response with status 200: {"sessionId":"0e34cdc4-0908-41b4-a7ea-7586473d23c1","value":null}
[debug] [35m[W3C (e70d3be8)][39m Responding to client with driver.click() result: null
[35m[HTTP][39m [37m<-- POST /session/e70d3be8-3f6a-4e60-b990-955064d212ea/element/00000000-0000-0147-ffff-ffff0000005a/click [39m[32m200[39m [90m58 ms - 14[39m
[35m[HTTP][39m [90m[39m
[35m[HTTP][39m [37m-->[39m [37mPOST[39m [37m/session/e70d3be8-3f6a-4e60-b990-955064d212ea/element[39m
[35m[HTTP][39m [90m{"using":"xpath","value":"*//android.widget.TextView[@resource-id=\"android:id/alertTitle\"]"}[39m
[debug] [35m[W3C (e70d3be8)][39m Calling AppiumDriver.findElement() with args: ["xpath","*//android.widget.TextView[@resource-id=\"android:id/alertTitle\"]","e70d3be8-3f6a-4e60-b990-955064d212ea"]
[debug] [35m[BaseDriver][39m Valid locator strategies for this request: xpath, id, class name, accessibility id, css selector, -android uiautomator
[debug] [35m[BaseDriver][39m Waiting up to 0 ms for condition
[debug] [35m[WD Proxy][39m Matched '/element' to command name 'findElement'
[debug] [35m[WD Proxy][39m Proxying [POST /element] to [POST http://127.0.0.1:8200/wd/hub/session/0e34cdc4-0908-41b4-a7ea-7586473d23c1/element] with body: {"strategy":"xpath","selector":"*//android.widget.TextView[@resource-id=\"android:id/alertTitle\"]","context":"","multiple":false}
[debug] [35m[WD Proxy][39m Got response with status 200: {"sessionId":"0e34cdc4-0908-41b4-a7ea-7586473d23c1","value":{"ELEMENT":"00000000-0000-0148-ffff-ffff0000006a","element-6066-11e4-a52e-4f735466cecf":"00000000-0000-0148-ffff-ffff0000006a"}}
[debug] [35m[W3C (e70d3be8)][39m Responding to client with driver.findElement() result: {"element-6066-11e4-a52e-4f735466cecf":"00000000-0000-0148-ffff-ffff0000006a","ELEMENT":"00000000-0000-0148-ffff-ffff0000006a"}
[35m[HTTP][39m [37m<-- POST /session/e70d3be8-3f6a-4e60-b990-955064d212ea/element [39m[32m200[39m [90m536 ms - 137[39m
[35m[HTTP][39m [90m[39m
[35m[HTTP][39m [37m-->[39m [37mGET[39m [37m/session/e70d3be8-3f6a-4e60-b990-955064d212ea/alert/text[39m
[35m[HTTP][39m [90m{}[39m
[debug] [35m[W3C (e70d3be8)][39m Calling AppiumDriver.getAlertText() with args: ["e70d3be8-3f6a-4e60-b990-955064d212ea"]
[debug] [35m[WD Proxy][39m Matched '/alert/text' to command name 'getAlertText'
[debug] [35m[WD Proxy][39m Proxying [GET /alert/text] to [GET http://127.0.0.1:8200/wd/hub/session/0e34cdc4-0908-41b4-a7ea-7586473d23c1/alert/text] with no body
[debug] [35m[WD Proxy][39m Got response with status 200: {"sessionId":"0e34cdc4-0908-41b4-a7ea-7586473d23c1","value":"Success\nYou are logged in!"}
[debug] [35m[W3C (e70d3be8)][39m Responding to client with driver.getAlertText() result: "Success\nYou are logged in!"
[35m[HTTP][39m [37m<-- GET /session/e70d3be8-3f6a-4e60-b990-955064d212ea/alert/text [39m[32m200[39m [90m78 ms - 39[39m
[35m[HTTP][39m [90m[39m
[35m[HTTP][39m [37m-->[39m [37mPOST[39m [37m/session/e70d3be8-3f6a-4e60-b990-955064d212ea/element[39m
[35m[HTTP][39m [90m{"using":"xpath","value":"*//android.widget.TextView[@resource-id=\"android:id/message\"]"}[39m
[debug] [35m[W3C (e70d3be8)][39m Calling AppiumDriver.findElement() with args: ["xpath","*//android.widget.TextView[@resource-id=\"android:id/message\"]","e70d3be8-3f6a-4e60-b990-955064d212ea"]
[debug] [35m[BaseDriver][39m Valid locator strategies for this request: xpath, id, class name, accessibility id, css selector, -android uiautomator
[debug] [35m[BaseDriver][39m Waiting up to 0 ms for condition
[debug] [35m[WD Proxy][39m Matched '/element' to command name 'findElement'
[debug] [35m[WD Proxy][39m Proxying [POST /element] to [POST http://127.0.0.1:8200/wd/hub/session/0e34cdc4-0908-41b4-a7ea-7586473d23c1/element] with body: {"strategy":"xpath","selector":"*//android.widget.TextView[@resource-id=\"android:id/message\"]","context":"","multiple":false}
[debug] [35m[WD Proxy][39m Got response with status 200: {"sessionId":"0e34cdc4-0908-41b4-a7ea-7586473d23c1","value":{"ELEMENT":"00000000-0000-0148-ffff-ffff00000070","element-6066-11e4-a52e-4f735466cecf":"00000000-0000-0148-ffff-ffff00000070"}}
[debug] [35m[W3C (e70d3be8)][39m Responding to client with driver.findElement() result: {"element-6066-11e4-a52e-4f735466cecf":"00000000-0000-0148-ffff-ffff00000070","ELEMENT":"00000000-0000-0148-ffff-ffff00000070"}
[35m[HTTP][39m [37m<-- POST /session/e70d3be8-3f6a-4e60-b990-955064d212ea/element [39m[32m200[39m [90m48 ms - 137[39m
[35m[HTTP][39m [90m[39m
[35m[HTTP][39m [37m-->[39m [37mGET[39m [37m/session/e70d3be8-3f6a-4e60-b990-955064d212ea/alert/text[39m
[35m[HTTP][39m [90m{}[39m
[debug] [35m[W3C (e70d3be8)][39m Calling AppiumDriver.getAlertText() with args: ["e70d3be8-3f6a-4e60-b990-955064d212ea"]
[debug] [35m[WD Proxy][39m Matched '/alert/text' to command name 'getAlertText'
[debug] [35m[WD Proxy][39m Proxying [GET /alert/text] to [GET http://127.0.0.1:8200/wd/hub/session/0e34cdc4-0908-41b4-a7ea-7586473d23c1/alert/text] with no body
[debug] [35m[WD Proxy][39m Got response with status 200: {"sessionId":"0e34cdc4-0908-41b4-a7ea-7586473d23c1","value":"Success\nYou are logged in!"}
[debug] [35m[W3C (e70d3be8)][39m Responding to client with driver.getAlertText() result: "Success\nYou are logged in!"
[35m[HTTP][39m [37m<-- GET /session/e70d3be8-3f6a-4e60-b990-955064d212ea/alert/text [39m[32m200[39m [90m73 ms - 39[39m
[35m[HTTP][39m [90m[39m
[35m[HTTP][39m [37m-->[39m [37mPOST[39m [37m/session/e70d3be8-3f6a-4e60-b990-955064d212ea/element[39m
[35m[HTTP][39m [90m{"using":"xpath","value":"*//android.widget.Button[@text=\"OK\"]"}[39m
[debug] [35m[W3C (e70d3be8)][39m Calling AppiumDriver.findElement() with args: ["xpath","*//android.widget.Button[@text=\"OK\"]","e70d3be8-3f6a-4e60-b990-955064d212ea"]
[debug] [35m[BaseDriver][39m Valid locator strategies for this request: xpath, id, class name, accessibility id, css selector, -android uiautomator
[debug] [35m[BaseDriver][39m Waiting up to 0 ms for condition
[debug] [35m[WD Proxy][39m Matched '/element' to command name 'findElement'
[debug] [35m[WD Proxy][39m Proxying [POST /element] to [POST http://127.0.0.1:8200/wd/hub/session/0e34cdc4-0908-41b4-a7ea-7586473d23c1/element] with body: {"strategy":"xpath","selector":"*//android.widget.Button[@text=\"OK\"]","context":"","multiple":false}
[debug] [35m[WD Proxy][39m Got response with status 200: {"sessionId":"0e34cdc4-0908-41b4-a7ea-7586473d23c1","value":{"ELEMENT":"00000000-0000-0148-ffff-ffff00000079","element-6066-11e4-a52e-4f735466cecf":"00000000-0000-0148-ffff-ffff00000079"}}
[debug] [35m[W3C (e70d3be8)][39m Responding to client with driver.findElement() result: {"element-6066-11e4-a52e-4f735466cecf":"00000000-0000-0148-ffff-ffff00000079","ELEMENT":"00000000-0000-0148-ffff-ffff00000079"}
[35m[HTTP][39m [37m<-- POST /session/e70d3be8-3f6a-4e60-b990-955064d212ea/element [39m[32m200[39m [90m46 ms - 137[39m
[35m[HTTP][39m [90m[39m
[35m[HTTP][39m [37m-->[39m [37mGET[39m [37m/session/e70d3be8-3f6a-4e60-b990-955064d212ea/alert/text[39m
[35m[HTTP][39m [90m{}[39m
[debug] [35m[W3C (e70d3be8)][39m Calling AppiumDriver.getAlertText() with args: ["e70d3be8-3f6a-4e60-b990-955064d212ea"]
[debug] [35m[WD Proxy][39m Matched '/alert/text' to command name 'getAlertText'
[debug] [35m[WD Proxy][39m Proxying [GET /alert/text] to [GET http://127.0.0.1:8200/wd/hub/session/0e34cdc4-0908-41b4-a7ea-7586473d23c1/alert/text] with no body
[debug] [35m[WD Proxy][39m Got response with status 200: {"sessionId":"0e34cdc4-0908-41b4-a7ea-7586473d23c1","value":"Success\nYou are logged in!"}
[debug] [35m[W3C (e70d3be8)][39m Responding to client with driver.getAlertText() result: "Success\nYou are logged in!"
[35m[HTTP][39m [37m<-- GET /session/e70d3be8-3f6a-4e60-b990-955064d212ea/alert/text [39m[32m200[39m [90m67 ms - 39[39m
[35m[HTTP][39m [90m[39m
[35m[HTTP][39m [37m-->[39m [37mPOST[39m [37m/session/e70d3be8-3f6a-4e60-b990-955064d212ea/element[39m
[35m[HTTP][39m [90m{"using":"xpath","value":"*//android.widget.TextView[@resource-id=\"android:id/alertTitle\"]"}[39m
[debug] [35m[W3C (e70d3be8)][39m Calling AppiumDriver.findElement() with args: ["xpath","*//android.widget.TextView[@resource-id=\"android:id/alertTitle\"]","e70d3be8-3f6a-4e60-b990-955064d212ea"]
[debug] [35m[BaseDriver][39m Valid locator strategies for this request: xpath, id, class name, accessibility id, css selector, -android uiautomator
[debug] [35m[BaseDriver][39m Waiting up to 0 ms for condition
[debug] [35m[WD Proxy][39m Matched '/element' to command name 'findElement'
[debug] [35m[WD Proxy][39m Proxying [POST /element] to [POST http://127.0.0.1:8200/wd/hub/session/0e34cdc4-0908-41b4-a7ea-7586473d23c1/element] with body: {"strategy":"xpath","selector":"*//android.widget.TextView[@resource-id=\"android:id/alertTitle\"]","context":"","multiple":false}
[debug] [35m[WD Proxy][39m Got response with status 200: {"sessionId":"0e34cdc4-0908-41b4-a7ea-7586473d23c1","value":{"ELEMENT":"00000000-0000-0148-ffff-ffff0000006a","element-6066-11e4-a52e-4f735466cecf":"00000000-0000-0148-ffff-ffff0000006a"}}
[debug] [35m[W3C (e70d3be8)][39m Responding to client with driver.findElement() result: {"element-6066-11e4-a52e-4f735466cecf":"00000000-0000-0148-ffff-ffff0000006a","ELEMENT":"00000000-0000-0148-ffff-ffff0000006a"}
[35m[HTTP][39m [37m<-- POST /session/e70d3be8-3f6a-4e60-b990-955064d212ea/element [39m[32m200[39m [90m48 ms - 137[39m
[35m[HTTP][39m [90m[39m
[35m[HTTP][39m [37m-->[39m [37mPOST[39m [37m/session/e70d3be8-3f6a-4e60-b990-955064d212ea/elements[39m
[35m[HTTP][39m [90m{"using":"xpath","value":"*//android.widget.TextView[@resource-id=\"android:id/alertTitle\"]"}[39m
[debug] [35m[W3C (e70d3be8)][39m Calling AppiumDriver.findElements() with args: ["xpath","*//android.widget.TextView[@resource-id=\"android:id/alertTitle\"]","e70d3be8-3f6a-4e60-b990-955064d212ea"]
[debug] [35m[BaseDriver][39m Valid locator strategies for this request: xpath, id, class name, accessibility id, css selector, -android uiautomator
[debug] [35m[BaseDriver][39m Waiting up to 0 ms for condition
[debug] [35m[WD Proxy][39m Matched '/elements' to command name 'findElements'
[debug] [35m[WD Proxy][39m Proxying [POST /elements] to [POST http://127.0.0.1:8200/wd/hub/session/0e34cdc4-0908-41b4-a7ea-7586473d23c1/elements] with body: {"strategy":"xpath","selector":"*//android.widget.TextView[@resource-id=\"android:id/alertTitle\"]","context":"","multiple":true}
[debug] [35m[WD Proxy][39m Got response with status 200: {"sessionId":"0e34cdc4-0908-41b4-a7ea-7586473d23c1","value":[{"ELEMENT":"00000000-0000-0148-ffff-ffff0000006a","element-6066-11e4-a52e-4f735466cecf":"00000000-0000-0148-ffff-ffff0000006a"}]}
[debug] [35m[W3C (e70d3be8)][39m Responding to client with driver.findElements() result: [{"element-6066-11e4-a52e-4f735466cecf":"00000000-0000-0148-ffff-ffff0000006a","ELEMENT":"00000000-0000-0148-ffff-ffff0000006a"}]
[35m[HTTP][39m [37m<-- POST /session/e70d3be8-3f6a-4e60-b990-955064d212ea/elements [39m[32m200[39m [90m48 ms - 139[39m
[35m[HTTP][39m [90m[39m
[35m[HTTP][39m [37m-->[39m [37mPOST[39m [37m/session/e70d3be8-3f6a-4e60-b990-955064d212ea/element[39m
[35m[HTTP][39m [90m{"using":"xpath","value":"*//android.widget.Button[@text=\"OK\"]"}[39m
[debug] [35m[W3C (e70d3be8)][39m Calling AppiumDriver.findElement() with args: ["xpath","*//android.widget.Button[@text=\"OK\"]","e70d3be8-3f6a-4e60-b990-955064d212ea"]
[debug] [35m[BaseDriver][39m Valid locator strategies for this request: xpath, id, class name, accessibility id, css selector, -android uiautomator
[debug] [35m[BaseDriver][39m Waiting up to 0 ms for condition
[debug] [35m[WD Proxy][39m Matched '/element' to command name 'findElement'
[debug] [35m[WD Proxy][39m Proxying [POST /element] to [POST http://127.0.0.1:8200/wd/hub/session/0e34cdc4-0908-41b4-a7ea-7586473d23c1/element] with body: {"strategy":"xpath","selector":"*//android.widget.Button[@text=\"OK\"]","context":"","multiple":false}
[debug] [35m[WD Proxy][39m Got response with status 200: {"sessionId":"0e34cdc4-0908-41b4-a7ea-7586473d23c1","value":{"ELEMENT":"00000000-0000-0148-ffff-ffff00000079","element-6066-11e4-a52e-4f735466cecf":"00000000-0000-0148-ffff-ffff00000079"}}
[debug] [35m[W3C (e70d3be8)][39m Responding to client with driver.findElement() result: {"element-6066-11e4-a52e-4f735466cecf":"00000000-0000-0148-ffff-ffff00000079","ELEMENT":"00000000-0000-0148-ffff-ffff00000079"}
[35m[HTTP][39m [37m<-- POST /session/e70d3be8-3f6a-4e60-b990-955064d212ea/element [39m[32m200[39m [90m54 ms - 137[39m
[35m[HTTP][39m [90m[39m
[35m[HTTP][39m [37m-->[39m [37mPOST[39m [37m/session/e70d3be8-3f6a-4e60-b990-955064d212ea/element/00000000-0000-0148-ffff-ffff00000079/click[39m
[35m[HTTP][39m [90m{}[39m
[debug] [35m[W3C (e70d3be8)][39m Calling AppiumDriver.click() with args: ["00000000-0000-0148-ffff-ffff00000079","e70d3be8-3f6a-4e60-b990-955064d212ea"]
[debug] [35m[WD Proxy][39m Matched '/element/00000000-0000-0148-ffff-ffff00000079/click' to command name 'click'
[debug] [35m[WD Proxy][39m Proxying [POST /element/00000000-0000-0148-ffff-ffff00000079/click] to [POST http://127.0.0.1:8200/wd/hub/session/0e34cdc4-0908-41b4-a7ea-7586473d23c1/element/00000000-0000-0148-ffff-ffff00000079/click] with body: {"element":"00000000-0000-0148-ffff-ffff00000079"}
[debug] [35m[WD Proxy][39m Got response with status 200: {"sessionId":"0e34cdc4-0908-41b4-a7ea-7586473d23c1","value":null}
[debug] [35m[W3C (e70d3be8)][39m Responding to client with driver.click() result: null
[35m[HTTP][39m [37m<-- POST /session/e70d3be8-3f6a-4e60-b990-955064d212ea/element/00000000-0000-0148-ffff-ffff00000079/click [39m[32m200[39m [90m42 ms - 14[39m
[35m[HTTP][39m [90m[39m
[35m[HTTP][39m [37m-->[39m [37mDELETE[39m [37m/session/e70d3be8-3f6a-4e60-b990-955064d212ea[39m
[35m[HTTP][39m [90m{}[39m
[debug] [35m[W3C (e70d3be8)][39m Calling AppiumDriver.deleteSession() with args: ["e70d3be8-3f6a-4e60-b990-955064d212ea"]
[debug] [35m[BaseDriver][39m Event 'quitSessionRequested' logged at 1693081162480 (15:19:22 GMT-0500 (hora estándar de Colombia))
[35m[Appium][39m Removing session e70d3be8-3f6a-4e60-b990-955064d212ea from our master session list
[debug] [35m[UiAutomator2][39m Deleting UiAutomator2 session
[debug] [35m[UiAutomator2][39m Deleting UiAutomator2 server session
[debug] [35m[WD Proxy][39m Matched '/' to command name 'deleteSession'
[debug] [35m[WD Proxy][39m Proxying [DELETE /] to [DELETE http://127.0.0.1:8200/wd/hub/session/0e34cdc4-0908-41b4-a7ea-7586473d23c1] with no body
[debug] [35m[WD Proxy][39m Got response with status 200: {"sessionId":"0e34cdc4-0908-41b4-a7ea-7586473d23c1","value":null}
[debug] [35m[ADB][39m Running 'C:\Users\eduar\AppData\Local\Android\Sdk\tools\bin\platform-tools\adb.exe -P 5037 -s emulator-5554 shell am force-stop com.wdiodemoapp'
[debug] [35m[Logcat][39m Stopping logcat capture
[debug] [35m[ADB][39m Removing forwarded port socket connection: 8200 
[debug] [35m[ADB][39m Running 'C:\Users\eduar\AppData\Local\Android\Sdk\tools\bin\platform-tools\adb.exe -P 5037 -s emulator-5554 forward --remove tcp:8200'
[35m[UiAutomator2][39m Restoring hidden api policy to the device default configuration
[debug] [35m[ADB][39m Running 'C:\Users\eduar\AppData\Local\Android\Sdk\tools\bin\platform-tools\adb.exe -P 5037 -s emulator-5554 shell 'settings delete global hidden_api_policy_pre_p_apps;settings delete global hidden_api_policy_p_apps;settings delete global hidden_api_policy''
[debug] [35m[BaseDriver][39m Event 'quitSessionFinished' logged at 1693081162801 (15:19:22 GMT-0500 (hora estándar de Colombia))
[debug] [35m[W3C (e70d3be8)][39m Received response: null
[debug] [35m[W3C (e70d3be8)][39m But deleting session, so not returning
[debug] [35m[W3C (e70d3be8)][39m Responding to client with driver.deleteSession() result: null
[35m[HTTP][39m [37m<-- DELETE /session/e70d3be8-3f6a-4e60-b990-955064d212ea [39m[32m200[39m [90m322 ms - 14[39m
[35m[HTTP][39m [90m[39m
[debug] [35m[Instrumentation][39m .
[debug] [35m[Instrumentation][39m Time: 13.117
[debug] [35m[Instrumentation][39m 
[debug] [35m[Instrumentation][39m OK (1 test)
[debug] [35m[Instrumentation][39m The process has exited with code 0
[35m[HTTP][39m [37m-->[39m [37mPOST[39m [37m/session[39m
[35m[HTTP][39m [90m{"capabilities":{"alwaysMatch":{"automationName":"UiAutomator2","platformName":"Android","platformVersion":"12","deviceName":"emulator-5554","app":"D:\\Eduardo Automation\\TS\\mobile-test-webdriverio\\Mobile-ts-mobile-testing-project\\test./../app/Android-NativeDemoApp-0.4.0.apk","appPackage":"com.wdiodemoapp","appActivity":"com.wdiodemoapp.MainActivity","uiautomator2ServerLaunchTimeout":200000},"firstMatch":[{}]},"desiredCapabilities":{"automationName":"UiAutomator2","platformName":"Android","platformVersion":"12","deviceName":"emulator-5554","app":"D:\\Eduardo Automation\\TS\\mobile-test-webdriverio\\Mobile-ts-mobile-testing-project\\test./../app/Android-NativeDemoApp-0.4.0.apk","appPackage":"com.wdiodemoapp","appActivity":"com.wdiodemoapp.MainActivity","uiautomator2ServerLaunchTimeout":200000}}[39m
[debug] [35m[W3C][39m Calling AppiumDriver.createSession() with args: [{"automationName":"UiAutomator2","platformName":"Android","platformVersion":"12","deviceName":"emulator-5554","app":"D:\\Eduardo Automation\\TS\\mobile-test-webdriverio\\Mobile-ts-mobile-testing-project\\test./../app/Android-NativeDemoApp-0.4.0.apk","appPackage":"com.wdiodemoapp","appActivity":"com.wdiodemoapp.MainActivity","uiautomator2ServerLaunchTimeout":200000},null,{"alwaysMatch":{"automationName":"UiAutomator2","platformName":"Android","platformVersion":"12","deviceName":"emulator-5554","app":"D:\\Eduardo Automation\\TS\\mobile-test-webdriverio\\Mobile-ts-mobile-testing-project\\test./../app/Android-NativeDemoApp-0.4.0.apk","appPackage":"com.wdiodemoapp","appActivity":"com.wdiodemoapp.MainActivity","uiautomator2ServerLaunchTimeout":200000},"firstMatch":[{}]}]
[debug] [35m[BaseDriver][39m Event 'newSessionRequested' logged at 1693081164005 (15:19:24 GMT-0500 (hora estándar de Colombia))
[35m[BaseDriver][39m The following capabilities are not standard capabilities and should have an extension prefix:
[35m[BaseDriver][39m   automationName
[35m[BaseDriver][39m   platformVersion
[35m[BaseDriver][39m   deviceName
[35m[BaseDriver][39m   app
[35m[BaseDriver][39m   appPackage
[35m[BaseDriver][39m   appActivity
[35m[BaseDriver][39m   uiautomator2ServerLaunchTimeout
[35m[Appium][39m Appium v1.22.3 creating new AndroidUiautomator2Driver (v1.70.1) session
[debug] [35m[BaseDriver][39m W3C capabilities and MJSONWP desired capabilities were provided
[debug] [35m[BaseDriver][39m Creating session with W3C capabilities: {
[debug] [35m[BaseDriver][39m   "alwaysMatch": {
[debug] [35m[BaseDriver][39m     "appium:automationName": "UiAutomator2",
[debug] [35m[BaseDriver][39m     "platformName": "Android",
[debug] [35m[BaseDriver][39m     "appium:platformVersion": "12",
[debug] [35m[BaseDriver][39m     "appium:deviceName": "emulator-5554",
[debug] [35m[BaseDriver][39m     "appium:app": "D:\\Eduardo Automation\\TS\\mobile-test-webdriverio\\Mobile-ts-mobile-testing-project\\test./../app/Android-NativeDemoApp-0.4.0.apk",
[debug] [35m[BaseDriver][39m     "appium:appPackage": "com.wdiodemoapp",
[debug] [35m[BaseDriver][39m     "appium:appActivity": "com.wdiodemoapp.MainActivity",
[debug] [35m[BaseDriver][39m     "appium:uiautomator2ServerLaunchTimeout": 200000
[debug] [35m[BaseDriver][39m   },
[debug] [35m[BaseDriver][39m   "firstMatch": [
[debug] [35m[BaseDriver][39m     {}
[debug] [35m[BaseDriver][39m   ]
[debug] [35m[BaseDriver][39m }
[35m[BaseDriver][39m Session created with session id: bd701d30-1177-48e9-b20f-2fba593d24ad
[35m[BaseDriver][39m Using local app 'D:\Eduardo Automation\TS\mobile-test-webdriverio\Mobile-ts-mobile-testing-project\test./../app/Android-NativeDemoApp-0.4.0.apk'
[debug] [35m[UiAutomator2][39m Checking whether app is actually present
[35m[ADB][39m Using 'adb.exe' from 'C:\Users\eduar\AppData\Local\Android\Sdk\tools\bin\platform-tools\adb.exe'
[debug] [35m[ADB][39m Running 'C:\Users\eduar\AppData\Local\Android\Sdk\tools\bin\platform-tools\adb.exe -P 5037 start-server'
[35m[AndroidDriver][39m Retrieving device list
[debug] [35m[ADB][39m Trying to find a connected android device
[debug] [35m[ADB][39m Getting connected devices
[debug] [35m[ADB][39m Connected devices: [{"udid":"emulator-5554","state":"device"}]
[35m[AndroidDriver][39m Looking for a device with Android '12.0.0'
[debug] [35m[ADB][39m Setting device id to emulator-5554
[35m[ADB][39m Getting device platform version
[debug] [35m[ADB][39m Running 'C:\Users\eduar\AppData\Local\Android\Sdk\tools\bin\platform-tools\adb.exe -P 5037 -s emulator-5554 shell getprop ro.build.version.release'
[debug] [35m[ADB][39m Current device property 'ro.build.version.release': 12
[35m[AndroidDriver][39m Using device: emulator-5554
[35m[ADB][39m Using 'adb.exe' from 'C:\Users\eduar\AppData\Local\Android\Sdk\tools\bin\platform-tools\adb.exe'
[debug] [35m[ADB][39m Running 'C:\Users\eduar\AppData\Local\Android\Sdk\tools\bin\platform-tools\adb.exe -P 5037 start-server'
[debug] [35m[ADB][39m Setting device id to emulator-5554
[debug] [35m[ADB][39m Running 'C:\Users\eduar\AppData\Local\Android\Sdk\tools\bin\platform-tools\adb.exe -P 5037 -s emulator-5554 shell getprop ro.build.version.sdk'
[debug] [35m[ADB][39m Current device property 'ro.build.version.sdk': 31
[35m[ADB][39m Getting device platform version
[debug] [35m[ADB][39m Running 'C:\Users\eduar\AppData\Local\Android\Sdk\tools\bin\platform-tools\adb.exe -P 5037 -s emulator-5554 shell getprop ro.build.version.release'
[debug] [35m[ADB][39m Current device property 'ro.build.version.release': 12
[debug] [35m[ADB][39m Device API level: 31
[35m[UiAutomator2][39m Relaxing hidden api policy
[debug] [35m[ADB][39m Running 'C:\Users\eduar\AppData\Local\Android\Sdk\tools\bin\platform-tools\adb.exe -P 5037 -s emulator-5554 shell 'settings put global hidden_api_policy_pre_p_apps 1;settings put global hidden_api_policy_p_apps 1;settings put global hidden_api_policy 1''
[debug] [35m[ADB][39m Running 'C:\Users\eduar\AppData\Local\Android\Sdk\tools\bin\platform-tools\adb.exe -P 5037 -s emulator-5554 wait-for-device'
[debug] [35m[ADB][39m Running 'C:\Users\eduar\AppData\Local\Android\Sdk\tools\bin\platform-tools\adb.exe -P 5037 -s emulator-5554 shell echo ping'
[debug] [35m[AndroidDriver][39m Pushing settings apk to device...
[debug] [35m[ADB][39m Getting install status for io.appium.settings
[debug] [35m[ADB][39m Running 'C:\Users\eduar\AppData\Local\Android\Sdk\tools\bin\platform-tools\adb.exe -P 5037 -s emulator-5554 shell dumpsys package io.appium.settings'
[debug] [35m[ADB][39m 'io.appium.settings' is installed
[debug] [35m[ADB][39m Getting package info for 'io.appium.settings'
[debug] [35m[ADB][39m Running 'C:\Users\eduar\AppData\Local\Android\Sdk\tools\bin\platform-tools\adb.exe -P 5037 -s emulator-5554 shell dumpsys package io.appium.settings'
[debug] [35m[ADB][39m The version name of the installed 'io.appium.settings' is greater or equal to the application version name ('3.4.0' >= '3.4.0')
[debug] [35m[ADB][39m There is no need to install/upgrade 'D:\Eduardo Automation\TS\mobile-test-webdriverio\Mobile-ts-mobile-testing-project\node_modules\appium\node_modules\io.appium.settings\apks\settings_apk-debug.apk'
[debug] [35m[ADB][39m Getting IDs of all 'io.appium.settings' processes
[debug] [35m[ADB][39m Running 'C:\Users\eduar\AppData\Local\Android\Sdk\tools\bin\platform-tools\adb.exe -P 5037 -s emulator-5554 shell 'pgrep --help; echo $?''
[debug] [35m[ADB][39m Running 'C:\Users\eduar\AppData\Local\Android\Sdk\tools\bin\platform-tools\adb.exe -P 5037 -s emulator-5554 shell pgrep -f \(\[\[:blank:\]\]\|\^\)io\.appium\.settings\(\[\[:blank:\]\]\|\$\)'
[debug] [35m[AndroidDriver][39m io.appium.settings is already running. There is no need to reset its permissions.
[debug] [35m[Logcat][39m Starting logs capture with command: C:\\Users\\eduar\\AppData\\Local\\Android\\Sdk\\tools\\bin\\platform-tools\\adb.exe -P 5037 -s emulator-5554 logcat -v threadtime
[debug] [35m[UiAutomator2][39m Forwarding UiAutomator2 Server port 6790 to local port 8200
[debug] [35m[ADB][39m Forwarding system: 8200 to device: 6790
[debug] [35m[ADB][39m Running 'C:\Users\eduar\AppData\Local\Android\Sdk\tools\bin\platform-tools\adb.exe -P 5037 -s emulator-5554 forward tcp:8200 tcp:6790'
[debug] [35m[ADB][39m Getting install status for io.appium.uiautomator2.server
[debug] [35m[ADB][39m Running 'C:\Users\eduar\AppData\Local\Android\Sdk\tools\bin\platform-tools\adb.exe -P 5037 -s emulator-5554 shell dumpsys package io.appium.uiautomator2.server'
[debug] [35m[ADB][39m 'io.appium.uiautomator2.server' is installed
[debug] [35m[ADB][39m Getting package info for 'io.appium.uiautomator2.server'
[debug] [35m[ADB][39m Running 'C:\Users\eduar\AppData\Local\Android\Sdk\tools\bin\platform-tools\adb.exe -P 5037 -s emulator-5554 shell dumpsys package io.appium.uiautomator2.server'
[debug] [35m[ADB][39m The version name of the installed 'io.appium.uiautomator2.server' is greater or equal to the application version name ('4.27.0' >= '4.27.0')
[debug] [35m[UiAutomator2][39m io.appium.uiautomator2.server installation state: sameVersionInstalled
[debug] [35m[ADB][39m Checking app cert for D:\Eduardo Automation\TS\mobile-test-webdriverio\Mobile-ts-mobile-testing-project\node_modules\appium\node_modules\appium-uiautomator2-server\apks\appium-uiautomator2-server-v4.27.0.apk
[debug] [35m[ADB][39m Using the previously cached signature entry for 'appium-uiautomator2-server-v4.27.0.apk'
[debug] [35m[ADB][39m sha256 hash did match for 'appium-uiautomator2-server-v4.27.0.apk'
[debug] [35m[ADB][39m Getting install status for io.appium.uiautomator2.server.test
[debug] [35m[ADB][39m Running 'C:\Users\eduar\AppData\Local\Android\Sdk\tools\bin\platform-tools\adb.exe -P 5037 -s emulator-5554 shell dumpsys package io.appium.uiautomator2.server.test'
[debug] [35m[ADB][39m 'io.appium.uiautomator2.server.test' is installed
[debug] [35m[ADB][39m Checking app cert for D:\Eduardo Automation\TS\mobile-test-webdriverio\Mobile-ts-mobile-testing-project\node_modules\appium\node_modules\appium-uiautomator2-server\apks\appium-uiautomator2-server-debug-androidTest.apk
[debug] [35m[ADB][39m Using the previously cached signature entry for 'appium-uiautomator2-server-debug-androidTest.apk'
[debug] [35m[ADB][39m sha256 hash did match for 'appium-uiautomator2-server-debug-androidTest.apk'
[35m[UiAutomator2][39m Server packages are not going to be (re)installed
[debug] [35m[UiAutomator2][39m Waiting up to 30000ms for services to be available
[debug] [35m[ADB][39m Running 'C:\Users\eduar\AppData\Local\Android\Sdk\tools\bin\platform-tools\adb.exe -P 5037 -s emulator-5554 shell pm list instrumentation'
[debug] [35m[UiAutomator2][39m Instrumentation target 'io.appium.uiautomator2.server.test/androidx.test.runner.AndroidJUnitRunner' is available
[35m[ADB][39m Adding packages ["io.appium.settings","io.appium.uiautomator2.server","io.appium.uiautomator2.server.test"] to Doze whitelist
[debug] [35m[ADB][39m Got the following command chunks to execute: [["dumpsys","deviceidle","whitelist","+io.appium.settings",";","dumpsys","deviceidle","whitelist","+io.appium.uiautomator2.server",";","dumpsys","deviceidle","whitelist","+io.appium.uiautomator2.server.test",";"]]
[debug] [35m[ADB][39m Running 'C:\Users\eduar\AppData\Local\Android\Sdk\tools\bin\platform-tools\adb.exe -P 5037 -s emulator-5554 shell dumpsys deviceidle whitelist +io.appium.settings ; dumpsys deviceidle whitelist +io.appium.uiautomator2.server ; dumpsys deviceidle whitelist +io.appium.uiautomator2.server.test ;'
[debug] [35m[ADB][39m Checking app cert for D:\Eduardo Automation\TS\mobile-test-webdriverio\Mobile-ts-mobile-testing-project\test./../app/Android-NativeDemoApp-0.4.0.apk
[debug] [35m[ADB][39m Using the previously cached signature entry for 'Android-NativeDemoApp-0.4.0.apk'
[debug] [35m[ADB][39m Getting install status for com.wdiodemoapp
[debug] [35m[ADB][39m Running 'C:\Users\eduar\AppData\Local\Android\Sdk\tools\bin\platform-tools\adb.exe -P 5037 -s emulator-5554 shell dumpsys package com.wdiodemoapp'
[debug] [35m[ADB][39m 'com.wdiodemoapp' is installed
[debug] [35m[ADB][39m Getting package info for 'com.wdiodemoapp'
[debug] [35m[ADB][39m Running 'C:\Users\eduar\AppData\Local\Android\Sdk\tools\bin\platform-tools\adb.exe -P 5037 -s emulator-5554 shell dumpsys package com.wdiodemoapp'
[debug] [35m[ADB][39m The version name of the installed 'com.wdiodemoapp' is greater or equal to the application version name ('0.4.0' >= '0.4.0')
[debug] [35m[ADB][39m There is no need to install/upgrade 'D:\Eduardo Automation\TS\mobile-test-webdriverio\Mobile-ts-mobile-testing-project\test./../app/Android-NativeDemoApp-0.4.0.apk'
[35m[AndroidDriver][39m Performing fast reset on 'com.wdiodemoapp'
[debug] [35m[ADB][39m Getting install status for com.wdiodemoapp
[debug] [35m[ADB][39m Running 'C:\Users\eduar\AppData\Local\Android\Sdk\tools\bin\platform-tools\adb.exe -P 5037 -s emulator-5554 shell dumpsys package com.wdiodemoapp'
[debug] [35m[ADB][39m 'com.wdiodemoapp' is installed
[debug] [35m[ADB][39m Running 'C:\Users\eduar\AppData\Local\Android\Sdk\tools\bin\platform-tools\adb.exe -P 5037 -s emulator-5554 shell am force-stop com.wdiodemoapp'
[debug] [35m[ADB][39m Running 'C:\Users\eduar\AppData\Local\Android\Sdk\tools\bin\platform-tools\adb.exe -P 5037 -s emulator-5554 shell pm clear com.wdiodemoapp'
[debug] [35m[AndroidDriver][39m Performed fast reset on the installed 'com.wdiodemoapp' application (stop and clear)
[debug] [35m[UiAutomator2][39m Performing shallow cleanup of automation leftovers
[debug] [35m[UiAutomator2][39m No obsolete sessions have been detected (socket hang up)
[debug] [35m[ADB][39m Running 'C:\Users\eduar\AppData\Local\Android\Sdk\tools\bin\platform-tools\adb.exe -P 5037 -s emulator-5554 shell am force-stop io.appium.uiautomator2.server.test'
[35m[UiAutomator2][39m Starting UIAutomator2 server 4.27.0
[35m[UiAutomator2][39m Using UIAutomator2 server from 'D:\Eduardo Automation\TS\mobile-test-webdriverio\Mobile-ts-mobile-testing-project\node_modules\appium\node_modules\appium-uiautomator2-server\apks\appium-uiautomator2-server-v4.27.0.apk' and test from 'D:\Eduardo Automation\TS\mobile-test-webdriverio\Mobile-ts-mobile-testing-project\node_modules\appium\node_modules\appium-uiautomator2-server\apks\appium-uiautomator2-server-debug-androidTest.apk'
[35m[UiAutomator2][39m Waiting up to 200000ms for UiAutomator2 to be online...
[debug] [35m[ADB][39m Creating ADB subprocess with args: ["-P",5037,"-s","emulator-5554","shell","am","instrument","-w","-e","disableAnalytics",true,"io.appium.uiautomator2.server.test/androidx.test.runner.AndroidJUnitRunner"]
[debug] [35m[WD Proxy][39m Matched '/status' to command name 'getStatus'
[debug] [35m[WD Proxy][39m Proxying [GET /status] to [GET http://127.0.0.1:8200/wd/hub/status] with no body
[35m[WD Proxy][39m socket hang up
[debug] [35m[Instrumentation][39m io.appium.uiautomator2.server.test.AppiumUiAutomator2Server:
[debug] [35m[WD Proxy][39m Matched '/status' to command name 'getStatus'
[debug] [35m[WD Proxy][39m Proxying [GET /status] to [GET http://127.0.0.1:8200/wd/hub/status] with no body
[35m[WD Proxy][39m socket hang up
[debug] [35m[WD Proxy][39m Matched '/status' to command name 'getStatus'
[debug] [35m[WD Proxy][39m Proxying [GET /status] to [GET http://127.0.0.1:8200/wd/hub/status] with no body
[debug] [35m[WD Proxy][39m Got response with status 200: {"sessionId":"None","value":{"message":"UiAutomator2 Server is ready to accept commands","ready":true}}
[debug] [35m[UiAutomator2][39m The initialization of the instrumentation process took 2157ms
[debug] [35m[WD Proxy][39m Matched '/session' to command name 'createSession'
[debug] [35m[WD Proxy][39m Proxying [POST /session] to [POST http://127.0.0.1:8200/wd/hub/session] with body: {"capabilities":{"firstMatch":[{"platform":"LINUX","webStorageEnabled":false,"takesScreenshot":true,"javascriptEnabled":true,"databaseEnabled":false,"networkConnectionEnabled":true,"locationContextEnabled":false,"warnings":{},"desired":{"platformName":"Android","automationName":"UiAutomator2","platformVersion":"12","deviceName":"emulator-5554","app":"D:\\Eduardo Automation\\TS\\mobile-test-webdriverio\\Mobile-ts-mobile-testing-project\\test./../app/Android-NativeDemoApp-0.4.0.apk","appPackage":"com.wdiodemoapp","appActivity":"com.wdiodemoapp.MainActivity","uiautomator2ServerLaunchTimeout":200000},"platformName":"Android","automationName":"UiAutomator2","platformVersion":"12","deviceName":"emulator-5554","app":"D:\\Eduardo Automation\\TS\\mobile-test-webdriverio\\Mobile-ts-mobile-testing-project\\test./../app/Android-NativeDemoApp-0.4.0.apk","appPackage":"com.wdiodemoapp","appActivity":"com.wdiodemoapp.MainActivity","uiautomator2ServerLaunchTimeout":200000,"deviceUDID":"emulator-5554"}],"alwaysMatch":{}}}
[debug] [35m[WD Proxy][39m Got response with status 200: {"sessionId":"c00278ce-e5ec-497e-87d2-f0417cdaf451","value":{"capabilities":{"firstMatch":[{"platform":"LINUX","webStorageEnabled":false,"takesScreenshot":true,"javascriptEnabled":true,"databaseEnabled":false,"networkConnectionEnabled":true,"locationContextEnabled":false,"warnings":{},"desired":{"platformName":"Android","automationName":"UiAutomator2","platformVersion":"12","deviceName":"emulator-5554","app":"D:\\Eduardo Automation\\TS\\mobile-test-webdriverio\\Mobile-ts-mobile-testing-project\\test./../app/Android-NativeDemoApp-0.4.0.apk","appPackage":"com.wdiodemoapp","appActivity":"com.wdiodemoapp.MainActivity","uiautomator2ServerLaunchTimeout":200000},"platformName":"Android","automationName":"UiAutomator2","platformVersion":"12","deviceName":"emulator-5554","app":"D:\\Eduardo Automation\\TS\\mobile-test-webdriverio\\Mobile-ts-mobile-testing-project\\test./../app/Android-NativeDemoApp-0.4.0.apk","appPackage":"com.wdiodemoapp","appActivity":"com.wdiodemoapp.MainActivity","uiautomator2ServerLaunchTimeout...
[35m[WD Proxy][39m Determined the downstream protocol as 'W3C'
[debug] [35m[WD Proxy][39m Proxying [GET /appium/device/info] to [GET http://127.0.0.1:8200/wd/hub/session/c00278ce-e5ec-497e-87d2-f0417cdaf451/appium/device/info] with no body
[debug] [35m[WD Proxy][39m Got response with status 200: {"sessionId":"c00278ce-e5ec-497e-87d2-f0417cdaf451","value":{"androidId":"db813a9e0e01e777","apiVersion":"31","bluetooth":{"state":"ON"},"brand":"google","carrierName":"T-Mobile","displayDensity":440,"locale":"en_US","manufacturer":"Google","model":"sdk_gphone64_x86_64","networks":[{"capabilities":{"SSID":null,"linkDownBandwidthKbps":30000,"linkUpstreamBandwidthKbps":12000,"networkCapabilities":"NET_CAPABILITY_NOT_METERED,NET_CAPABILITY_INTERNET,NET_CAPABILITY_NOT_RESTRICTED,NET_CAPABILITY_TRUSTED,NET_CAPABILITY_NOT_VPN,NET_CAPABILITY_VALIDATED,NET_CAPABILITY_NOT_ROAMING,NET_CAPABILITY_FOREGROUND,NET_CAPABILITY_NOT_CONGESTED,NET_CAPABILITY_NOT_SUSPENDED","signalStrength":-50,"transportTypes":"TRANSPORT_WIFI"},"detailedState":"CONNECTED","extraInfo":"","isAvailable":true,"isConnected":true,"isFailover":false,"isRoaming":false,"state":"CONNECTED","subtype":-1,"subtypeName":"","type":1,"typeName":"WIFI"},{"capabilities":{"SSID":null,"linkDownBandwidthKbps":4300,"linkUpstreamBandwidthKbps":1800,"networkCapabil...
[debug] [35m[ADB][39m Running 'C:\Users\eduar\AppData\Local\Android\Sdk\tools\bin\platform-tools\adb.exe -P 5037 -s emulator-5554 shell dumpsys window'
[35m[AndroidDriver][39m Screen already unlocked, doing nothing
[35m[UiAutomator2][39m Starting 'com.wdiodemoapp/com.wdiodemoapp.MainActivity and waiting for 'com.wdiodemoapp/com.wdiodemoapp.MainActivity'
[debug] [35m[ADB][39m Running 'C:\Users\eduar\AppData\Local\Android\Sdk\tools\bin\platform-tools\adb.exe -P 5037 -s emulator-5554 shell am start -W -n com.wdiodemoapp/com.wdiodemoapp.MainActivity -S -a android.intent.action.MAIN -c android.intent.category.LAUNCHER -f 0x10200000'
[debug] [35m[WD Proxy][39m Proxying [GET /appium/device/pixel_ratio] to [GET http://127.0.0.1:8200/wd/hub/session/c00278ce-e5ec-497e-87d2-f0417cdaf451/appium/device/pixel_ratio] with no body
[debug] [35m[WD Proxy][39m Got response with status 200: {"sessionId":"c00278ce-e5ec-497e-87d2-f0417cdaf451","value":2.75}
[debug] [35m[WD Proxy][39m Matched '/appium/device/system_bars' to command name 'getSystemBars'
[debug] [35m[WD Proxy][39m Proxying [GET /appium/device/system_bars] to [GET http://127.0.0.1:8200/wd/hub/session/c00278ce-e5ec-497e-87d2-f0417cdaf451/appium/device/system_bars] with no body
[debug] [35m[WD Proxy][39m Got response with status 200: {"sessionId":"c00278ce-e5ec-497e-87d2-f0417cdaf451","value":{"statusBar":136}}
[debug] [35m[WD Proxy][39m Matched '/window/current/size' to command name 'getWindowSize'
[debug] [35m[WD Proxy][39m Proxying [GET /window/current/size] to [GET http://127.0.0.1:8200/wd/hub/session/c00278ce-e5ec-497e-87d2-f0417cdaf451/window/current/size] with no body
[debug] [35m[WD Proxy][39m Got response with status 200: {"sessionId":"c00278ce-e5ec-497e-87d2-f0417cdaf451","value":{"height":2072,"width":1080}}
[35m[Appium][39m New AndroidUiautomator2Driver session created successfully, session bd701d30-1177-48e9-b20f-2fba593d24ad added to master session list
[debug] [35m[BaseDriver][39m Event 'newSessionStarted' logged at 1693081169203 (15:19:29 GMT-0500 (hora estándar de Colombia))
[debug] [35m[W3C (bd701d30)][39m Cached the protocol value 'W3C' for the new session bd701d30-1177-48e9-b20f-2fba593d24ad
[debug] [35m[W3C (bd701d30)][39m Responding to client with driver.createSession() result: {"capabilities":{"platform":"LINUX","webStorageEnabled":false,"takesScreenshot":true,"javascriptEnabled":true,"databaseEnabled":false,"networkConnectionEnabled":true,"locationContextEnabled":false,"warnings":{},"desired":{"platformName":"Android","automationName":"UiAutomator2","platformVersion":"12","deviceName":"emulator-5554","app":"D:\\Eduardo Automation\\TS\\mobile-test-webdriverio\\Mobile-ts-mobile-testing-project\\test./../app/Android-NativeDemoApp-0.4.0.apk","appPackage":"com.wdiodemoapp","appActivity":"com.wdiodemoapp.MainActivity","uiautomator2ServerLaunchTimeout":200000},"platformName":"Android","automationName":"UiAutomator2","platformVersion":"12","deviceName":"emulator-5554","app":"D:\\Eduardo Automation\\TS\\mobile-test-webdriverio\\Mobile-ts-mobile-testing-project\\test./../app/Android-NativeDemoApp-0.4.0.apk","appPackage":"com.wdiodemoapp","appActivity":"com.wdiodemoapp.MainActivity","uiautomator2ServerLaunchTimeout":200000,"deviceUDID":"emulator-5554","deviceApiLevel":31,"deviceScreenSize...
[35m[HTTP][39m [37m<-- POST /session [39m[32m200[39m [90m5199 ms - 1290[39m
[35m[HTTP][39m [90m[39m
[35m[HTTP][39m [37m-->[39m [37mDELETE[39m [37m/session/bd701d30-1177-48e9-b20f-2fba593d24ad[39m
[35m[HTTP][39m [90m{}[39m
[debug] [35m[W3C (bd701d30)][39m Calling AppiumDriver.deleteSession() with args: ["bd701d30-1177-48e9-b20f-2fba593d24ad"]
[debug] [35m[BaseDriver][39m Event 'quitSessionRequested' logged at 1693081169238 (15:19:29 GMT-0500 (hora estándar de Colombia))
[35m[Appium][39m Removing session bd701d30-1177-48e9-b20f-2fba593d24ad from our master session list
[debug] [35m[UiAutomator2][39m Deleting UiAutomator2 session
[debug] [35m[UiAutomator2][39m Deleting UiAutomator2 server session
[debug] [35m[WD Proxy][39m Matched '/' to command name 'deleteSession'
[debug] [35m[WD Proxy][39m Proxying [DELETE /] to [DELETE http://127.0.0.1:8200/wd/hub/session/c00278ce-e5ec-497e-87d2-f0417cdaf451] with no body
[debug] [35m[WD Proxy][39m Got response with status 200: {"sessionId":"c00278ce-e5ec-497e-87d2-f0417cdaf451","value":null}
[debug] [35m[ADB][39m Running 'C:\Users\eduar\AppData\Local\Android\Sdk\tools\bin\platform-tools\adb.exe -P 5037 -s emulator-5554 shell am force-stop com.wdiodemoapp'
[debug] [35m[Logcat][39m Stopping logcat capture
[debug] [35m[ADB][39m Removing forwarded port socket connection: 8200 
[debug] [35m[ADB][39m Running 'C:\Users\eduar\AppData\Local\Android\Sdk\tools\bin\platform-tools\adb.exe -P 5037 -s emulator-5554 forward --remove tcp:8200'
[35m[UiAutomator2][39m Restoring hidden api policy to the device default configuration
[debug] [35m[ADB][39m Running 'C:\Users\eduar\AppData\Local\Android\Sdk\tools\bin\platform-tools\adb.exe -P 5037 -s emulator-5554 shell 'settings delete global hidden_api_policy_pre_p_apps;settings delete global hidden_api_policy_p_apps;settings delete global hidden_api_policy''
[debug] [35m[Instrumentation][39m .
[debug] [35m[Instrumentation][39m Time: 3.086
[debug] [35m[Instrumentation][39m 
[debug] [35m[Instrumentation][39m OK (1 test)
[debug] [35m[Instrumentation][39m The process has exited with code 0
[debug] [35m[BaseDriver][39m Event 'quitSessionFinished' logged at 1693081169538 (15:19:29 GMT-0500 (hora estándar de Colombia))
[debug] [35m[W3C (bd701d30)][39m Received response: null
[debug] [35m[W3C (bd701d30)][39m But deleting session, so not returning
[debug] [35m[W3C (bd701d30)][39m Responding to client with driver.deleteSession() result: null
[35m[HTTP][39m [37m<-- DELETE /session/bd701d30-1177-48e9-b20f-2fba593d24ad [39m[32m200[39m [90m301 ms - 14[39m
[35m[HTTP][39m [90m[39m
